{"D:\\documents\\mfm-corporation\\src\\telegram-bot-agent.js": {"path":"D:\\documents\\mfm-corporation\\src\\telegram-bot-agent.js","statementMap":{"0":{"start":{"line":8,"column":17},"end":{"line":8,"column":79}},"1":{"start":{"line":12,"column":4},"end":{"line":14,"column":null}},"2":{"start":{"line":13,"column":6},"end":{"line":13,"column":null}},"3":{"start":{"line":13,"column":21},"end":{"line":13,"column":null}},"4":{"start":{"line":16,"column":16},"end":{"line":16,"column":36}},"5":{"start":{"line":17,"column":17},"end":{"line":17,"column":29}},"6":{"start":{"line":20,"column":4},"end":{"line":22,"column":null}},"7":{"start":{"line":21,"column":6},"end":{"line":21,"column":null}},"8":{"start":{"line":24,"column":17},"end":{"line":28,"column":5}},"9":{"start":{"line":30,"column":4},"end":{"line":32,"column":null}},"10":{"start":{"line":31,"column":6},"end":{"line":31,"column":null}},"11":{"start":{"line":34,"column":4},"end":{"line":137,"column":null}},"12":{"start":{"line":35,"column":6},"end":{"line":35,"column":null}},"13":{"start":{"line":35,"column":32},"end":{"line":35,"column":null}},"14":{"start":{"line":36,"column":6},"end":{"line":53,"column":null}},"15":{"start":{"line":37,"column":23},"end":{"line":45,"column":9}},"16":{"start":{"line":46,"column":24},"end":{"line":46,"column":68}},"17":{"start":{"line":47,"column":24},"end":{"line":47,"column":50}},"18":{"start":{"line":48,"column":24},"end":{"line":48,"column":95}},"19":{"start":{"line":49,"column":8},"end":{"line":52,"column":null}},"20":{"start":{"line":55,"column":6},"end":{"line":78,"column":null}},"21":{"start":{"line":56,"column":8},"end":{"line":58,"column":null}},"22":{"start":{"line":57,"column":10},"end":{"line":57,"column":null}},"23":{"start":{"line":59,"column":26},"end":{"line":59,"column":56}},"24":{"start":{"line":60,"column":27},"end":{"line":60,"column":58}},"25":{"start":{"line":61,"column":20},"end":{"line":73,"column":9}},"26":{"start":{"line":74,"column":21},"end":{"line":74,"column":37}},"27":{"start":{"line":75,"column":8},"end":{"line":77,"column":null}},"28":{"start":{"line":80,"column":6},"end":{"line":87,"column":null}},"29":{"start":{"line":81,"column":8},"end":{"line":83,"column":null}},"30":{"start":{"line":82,"column":10},"end":{"line":82,"column":null}},"31":{"start":{"line":84,"column":20},"end":{"line":84,"column":103}},"32":{"start":{"line":85,"column":21},"end":{"line":85,"column":37}},"33":{"start":{"line":86,"column":8},"end":{"line":86,"column":null}},"34":{"start":{"line":88,"column":6},"end":{"line":99,"column":null}},"35":{"start":{"line":89,"column":8},"end":{"line":89,"column":null}},"36":{"start":{"line":89,"column":69},"end":{"line":89,"column":null}},"37":{"start":{"line":90,"column":8},"end":{"line":90,"column":null}},"38":{"start":{"line":90,"column":21},"end":{"line":90,"column":null}},"39":{"start":{"line":91,"column":8},"end":{"line":98,"column":null}},"40":{"start":{"line":92,"column":23},"end":{"line":94,"column":17}},"41":{"start":{"line":95,"column":10},"end":{"line":95,"column":null}},"42":{"start":{"line":97,"column":10},"end":{"line":97,"column":null}},"43":{"start":{"line":101,"column":6},"end":{"line":135,"column":null}},"44":{"start":{"line":102,"column":23},"end":{"line":106,"column":9}},"45":{"start":{"line":107,"column":27},"end":{"line":107,"column":63}},"46":{"start":{"line":108,"column":24},"end":{"line":108,"column":29}},"47":{"start":{"line":109,"column":23},"end":{"line":109,"column":115}},"48":{"start":{"line":110,"column":8},"end":{"line":124,"column":null}},"49":{"start":{"line":111,"column":10},"end":{"line":123,"column":null}},"50":{"start":{"line":112,"column":28},"end":{"line":118,"column":13}},"51":{"start":{"line":114,"column":16},"end":{"line":116,"column":null}},"52":{"start":{"line":116,"column":30},"end":{"line":116,"column":67}},"53":{"start":{"line":119,"column":12},"end":{"line":119,"column":null}},"54":{"start":{"line":120,"column":12},"end":{"line":120,"column":null}},"55":{"start":{"line":120,"column":37},"end":{"line":120,"column":null}},"56":{"start":{"line":122,"column":12},"end":{"line":122,"column":null}},"57":{"start":{"line":125,"column":23},"end":{"line":125,"column":88}},"58":{"start":{"line":126,"column":8},"end":{"line":134,"column":null}},"59":{"start":{"line":136,"column":6},"end":{"line":136,"column":null}},"60":{"start":{"line":139,"column":4},"end":{"line":229,"column":null}},"61":{"start":{"line":140,"column":21},"end":{"line":140,"column":75}},"62":{"start":{"line":141,"column":6},"end":{"line":143,"column":null}},"63":{"start":{"line":142,"column":8},"end":{"line":142,"column":null}},"64":{"start":{"line":146,"column":6},"end":{"line":150,"column":null}},"65":{"start":{"line":147,"column":8},"end":{"line":147,"column":null}},"66":{"start":{"line":149,"column":8},"end":{"line":149,"column":null}},"67":{"start":{"line":152,"column":22},"end":{"line":152,"column":36}},"68":{"start":{"line":153,"column":6},"end":{"line":153,"column":null}},"69":{"start":{"line":153,"column":20},"end":{"line":153,"column":null}},"70":{"start":{"line":156,"column":6},"end":{"line":180,"column":null}},"71":{"start":{"line":157,"column":25},"end":{"line":157,"column":40}},"72":{"start":{"line":158,"column":25},"end":{"line":158,"column":41}},"73":{"start":{"line":159,"column":30},"end":{"line":159,"column":91}},"74":{"start":{"line":159,"column":82},"end":{"line":159,"column":90}},"75":{"start":{"line":160,"column":8},"end":{"line":160,"column":null}},"76":{"start":{"line":160,"column":53},"end":{"line":160,"column":null}},"77":{"start":{"line":162,"column":23},"end":{"line":162,"column":25}},"78":{"start":{"line":163,"column":8},"end":{"line":175,"column":null}},"79":{"start":{"line":164,"column":10},"end":{"line":164,"column":null}},"80":{"start":{"line":165,"column":15},"end":{"line":175,"column":null}},"81":{"start":{"line":166,"column":10},"end":{"line":166,"column":null}},"82":{"start":{"line":167,"column":15},"end":{"line":175,"column":null}},"83":{"start":{"line":168,"column":10},"end":{"line":168,"column":null}},"84":{"start":{"line":169,"column":15},"end":{"line":175,"column":null}},"85":{"start":{"line":170,"column":10},"end":{"line":170,"column":null}},"86":{"start":{"line":171,"column":15},"end":{"line":175,"column":null}},"87":{"start":{"line":172,"column":10},"end":{"line":172,"column":null}},"88":{"start":{"line":173,"column":15},"end":{"line":175,"column":null}},"89":{"start":{"line":174,"column":10},"end":{"line":174,"column":null}},"90":{"start":{"line":177,"column":21},"end":{"line":177,"column":95}},"91":{"start":{"line":178,"column":8},"end":{"line":178,"column":null}},"92":{"start":{"line":179,"column":8},"end":{"line":179,"column":null}},"93":{"start":{"line":182,"column":21},"end":{"line":182,"column":36}},"94":{"start":{"line":183,"column":21},"end":{"line":183,"column":37}},"95":{"start":{"line":184,"column":28},"end":{"line":184,"column":89}},"96":{"start":{"line":184,"column":80},"end":{"line":184,"column":88}},"97":{"start":{"line":186,"column":6},"end":{"line":189,"column":null}},"98":{"start":{"line":187,"column":8},"end":{"line":187,"column":null}},"99":{"start":{"line":188,"column":8},"end":{"line":188,"column":null}},"100":{"start":{"line":191,"column":28},"end":{"line":191,"column":51}},"101":{"start":{"line":192,"column":6},"end":{"line":196,"column":null}},"102":{"start":{"line":193,"column":23},"end":{"line":193,"column":54}},"103":{"start":{"line":194,"column":8},"end":{"line":194,"column":null}},"104":{"start":{"line":194,"column":60},"end":{"line":194,"column":null}},"105":{"start":{"line":195,"column":8},"end":{"line":195,"column":null}},"106":{"start":{"line":199,"column":22},"end":{"line":199,"column":67}},"107":{"start":{"line":200,"column":6},"end":{"line":204,"column":null}},"108":{"start":{"line":201,"column":20},"end":{"line":201,"column":45}},"109":{"start":{"line":202,"column":8},"end":{"line":202,"column":null}},"110":{"start":{"line":202,"column":17},"end":{"line":202,"column":null}},"111":{"start":{"line":203,"column":8},"end":{"line":203,"column":null}},"112":{"start":{"line":207,"column":6},"end":{"line":216,"column":null}},"113":{"start":{"line":208,"column":20},"end":{"line":208,"column":50}},"114":{"start":{"line":209,"column":28},"end":{"line":209,"column":55}},"115":{"start":{"line":210,"column":25},"end":{"line":210,"column":71}},"116":{"start":{"line":211,"column":8},"end":{"line":214,"column":null}},"117":{"start":{"line":212,"column":10},"end":{"line":212,"column":null}},"118":{"start":{"line":213,"column":10},"end":{"line":213,"column":null}},"119":{"start":{"line":215,"column":8},"end":{"line":215,"column":null}},"120":{"start":{"line":218,"column":6},"end":{"line":218,"column":null}},"121":{"start":{"line":220,"column":6},"end":{"line":226,"column":null}},"122":{"start":{"line":221,"column":22},"end":{"line":221,"column":62}},"123":{"start":{"line":222,"column":8},"end":{"line":222,"column":null}},"124":{"start":{"line":222,"column":19},"end":{"line":222,"column":null}},"125":{"start":{"line":224,"column":8},"end":{"line":224,"column":null}},"126":{"start":{"line":225,"column":8},"end":{"line":225,"column":null}},"127":{"start":{"line":228,"column":6},"end":{"line":228,"column":null}},"128":{"start":{"line":232,"column":4},"end":{"line":247,"column":null}},"129":{"start":{"line":233,"column":18},"end":{"line":233,"column":39}},"130":{"start":{"line":234,"column":21},"end":{"line":234,"column":51}},"131":{"start":{"line":235,"column":6},"end":{"line":235,"column":null}},"132":{"start":{"line":235,"column":19},"end":{"line":235,"column":null}},"133":{"start":{"line":236,"column":21},"end":{"line":236,"column":42}},"134":{"start":{"line":237,"column":6},"end":{"line":237,"column":null}},"135":{"start":{"line":237,"column":19},"end":{"line":237,"column":null}},"136":{"start":{"line":238,"column":23},"end":{"line":238,"column":43}},"137":{"start":{"line":239,"column":6},"end":{"line":246,"column":null}},"138":{"start":{"line":249,"column":4},"end":{"line":260,"column":null}},"139":{"start":{"line":250,"column":6},"end":{"line":250,"column":null}},"140":{"start":{"line":250,"column":40},"end":{"line":250,"column":null}},"141":{"start":{"line":251,"column":6},"end":{"line":251,"column":null}},"142":{"start":{"line":251,"column":37},"end":{"line":251,"column":null}},"143":{"start":{"line":252,"column":20},"end":{"line":252,"column":94}},"144":{"start":{"line":253,"column":6},"end":{"line":253,"column":null}},"145":{"start":{"line":253,"column":42},"end":{"line":253,"column":null}},"146":{"start":{"line":255,"column":6},"end":{"line":255,"column":null}},"147":{"start":{"line":255,"column":12},"end":{"line":255,"column":40}},"148":{"start":{"line":255,"column":51},"end":{"line":255,"column":146}},"149":{"start":{"line":256,"column":6},"end":{"line":256,"column":null}},"150":{"start":{"line":256,"column":23},"end":{"line":256,"column":null}},"151":{"start":{"line":257,"column":20},"end":{"line":257,"column":72}},"152":{"start":{"line":258,"column":6},"end":{"line":258,"column":null}},"153":{"start":{"line":259,"column":6},"end":{"line":259,"column":null}},"154":{"start":{"line":263,"column":4},"end":{"line":292,"column":null}},"155":{"start":{"line":264,"column":6},"end":{"line":264,"column":null}},"156":{"start":{"line":264,"column":40},"end":{"line":264,"column":null}},"157":{"start":{"line":265,"column":6},"end":{"line":265,"column":null}},"158":{"start":{"line":265,"column":37},"end":{"line":265,"column":null}},"159":{"start":{"line":266,"column":20},"end":{"line":266,"column":94}},"160":{"start":{"line":267,"column":6},"end":{"line":269,"column":null}},"161":{"start":{"line":268,"column":8},"end":{"line":268,"column":null}},"162":{"start":{"line":270,"column":21},"end":{"line":270,"column":51}},"163":{"start":{"line":271,"column":6},"end":{"line":273,"column":null}},"164":{"start":{"line":272,"column":8},"end":{"line":272,"column":null}},"165":{"start":{"line":275,"column":6},"end":{"line":277,"column":null}},"166":{"start":{"line":275,"column":12},"end":{"line":275,"column":48}},"167":{"start":{"line":276,"column":8},"end":{"line":276,"column":null}},"168":{"start":{"line":278,"column":19},"end":{"line":278,"column":39}},"169":{"start":{"line":279,"column":6},"end":{"line":281,"column":null}},"170":{"start":{"line":280,"column":8},"end":{"line":280,"column":null}},"171":{"start":{"line":282,"column":6},"end":{"line":284,"column":null}},"172":{"start":{"line":283,"column":8},"end":{"line":283,"column":null}},"173":{"start":{"line":285,"column":18},"end":{"line":285,"column":78}},"174":{"start":{"line":286,"column":21},"end":{"line":286,"column":40}},"175":{"start":{"line":287,"column":18},"end":{"line":287,"column":44}},"176":{"start":{"line":288,"column":6},"end":{"line":288,"column":null}},"177":{"start":{"line":289,"column":23},"end":{"line":289,"column":65}},"178":{"start":{"line":290,"column":6},"end":{"line":291,"column":null}},"179":{"start":{"line":294,"column":4},"end":{"line":352,"column":null}},"180":{"start":{"line":295,"column":6},"end":{"line":295,"column":null}},"181":{"start":{"line":295,"column":40},"end":{"line":295,"column":null}},"182":{"start":{"line":296,"column":6},"end":{"line":296,"column":null}},"183":{"start":{"line":296,"column":37},"end":{"line":296,"column":null}},"184":{"start":{"line":297,"column":6},"end":{"line":300,"column":null}},"185":{"start":{"line":298,"column":8},"end":{"line":299,"column":null}},"186":{"start":{"line":301,"column":20},"end":{"line":301,"column":94}},"187":{"start":{"line":302,"column":6},"end":{"line":305,"column":null}},"188":{"start":{"line":303,"column":8},"end":{"line":304,"column":null}},"189":{"start":{"line":306,"column":6},"end":{"line":316,"column":null}},"190":{"start":{"line":307,"column":19},"end":{"line":307,"column":71}},"191":{"start":{"line":308,"column":20},"end":{"line":308,"column":50}},"192":{"start":{"line":309,"column":24},"end":{"line":309,"column":47}},"193":{"start":{"line":310,"column":21},"end":{"line":310,"column":63}},"194":{"start":{"line":311,"column":8},"end":{"line":314,"column":null}},"195":{"start":{"line":312,"column":10},"end":{"line":313,"column":null}},"196":{"start":{"line":315,"column":8},"end":{"line":315,"column":null}},"197":{"start":{"line":318,"column":6},"end":{"line":320,"column":null}},"198":{"start":{"line":318,"column":12},"end":{"line":318,"column":40}},"199":{"start":{"line":319,"column":8},"end":{"line":319,"column":null}},"200":{"start":{"line":321,"column":6},"end":{"line":323,"column":null}},"201":{"start":{"line":322,"column":8},"end":{"line":322,"column":null}},"202":{"start":{"line":324,"column":24},"end":{"line":324,"column":48}},"203":{"start":{"line":325,"column":6},"end":{"line":328,"column":null}},"204":{"start":{"line":326,"column":8},"end":{"line":327,"column":null}},"205":{"start":{"line":330,"column":24},"end":{"line":330,"column":33}},"206":{"start":{"line":331,"column":6},"end":{"line":333,"column":null}},"207":{"start":{"line":332,"column":8},"end":{"line":332,"column":null}},"208":{"start":{"line":334,"column":20},"end":{"line":334,"column":72}},"209":{"start":{"line":335,"column":20},"end":{"line":335,"column":111}},"210":{"start":{"line":338,"column":23},"end":{"line":338,"column":27}},"211":{"start":{"line":339,"column":21},"end":{"line":339,"column":51}},"212":{"start":{"line":340,"column":6},"end":{"line":348,"column":null}},"213":{"start":{"line":341,"column":8},"end":{"line":347,"column":null}},"214":{"start":{"line":342,"column":27},"end":{"line":342,"column":46}},"215":{"start":{"line":343,"column":22},"end":{"line":343,"column":46}},"216":{"start":{"line":344,"column":10},"end":{"line":344,"column":null}},"217":{"start":{"line":345,"column":28},"end":{"line":345,"column":70}},"218":{"start":{"line":346,"column":10},"end":{"line":346,"column":null}},"219":{"start":{"line":350,"column":6},"end":{"line":351,"column":null}},"220":{"start":{"line":354,"column":4},"end":{"line":354,"column":null}},"221":{"start":{"line":358,"column":4},"end":{"line":385,"column":null}},"222":{"start":{"line":359,"column":6},"end":{"line":384,"column":null}},"223":{"start":{"line":360,"column":51},"end":{"line":360,"column":59}},"224":{"start":{"line":361,"column":8},"end":{"line":361,"column":null}},"225":{"start":{"line":361,"column":43},"end":{"line":361,"column":53}},"226":{"start":{"line":361,"column":54},"end":{"line":361,"column":63}},"227":{"start":{"line":363,"column":22},"end":{"line":363,"column":63}},"228":{"start":{"line":364,"column":8},"end":{"line":364,"column":null}},"229":{"start":{"line":364,"column":19},"end":{"line":364,"column":null}},"230":{"start":{"line":365,"column":8},"end":{"line":365,"column":null}},"231":{"start":{"line":367,"column":8},"end":{"line":367,"column":null}},"232":{"start":{"line":368,"column":8},"end":{"line":383,"column":null}},"233":{"start":{"line":370,"column":10},"end":{"line":379,"column":null}},"234":{"start":{"line":371,"column":55},"end":{"line":371,"column":63}},"235":{"start":{"line":372,"column":12},"end":{"line":375,"column":null}},"236":{"start":{"line":376,"column":12},"end":{"line":376,"column":null}},"237":{"start":{"line":376,"column":24},"end":{"line":376,"column":null}},"238":{"start":{"line":378,"column":12},"end":{"line":378,"column":null}},"239":{"start":{"line":380,"column":10},"end":{"line":380,"column":20}},"240":{"start":{"line":382,"column":10},"end":{"line":382,"column":null}},"241":{"start":{"line":389,"column":18},"end":{"line":389,"column":70}},"242":{"start":{"line":390,"column":4},"end":{"line":390,"column":null}},"243":{"start":{"line":390,"column":16},"end":{"line":390,"column":null}},"244":{"start":{"line":392,"column":17},"end":{"line":392,"column":41}},"245":{"start":{"line":393,"column":17},"end":{"line":393,"column":39}},"246":{"start":{"line":394,"column":17},"end":{"line":394,"column":40}},"247":{"start":{"line":396,"column":4},"end":{"line":436,"column":null}},"248":{"start":{"line":397,"column":6},"end":{"line":432,"column":null}},"249":{"start":{"line":399,"column":8},"end":{"line":405,"column":null}},"250":{"start":{"line":400,"column":28},"end":{"line":400,"column":190}},"251":{"start":{"line":401,"column":28},"end":{"line":401,"column":176}},"252":{"start":{"line":402,"column":28},"end":{"line":402,"column":159}},"253":{"start":{"line":403,"column":28},"end":{"line":403,"column":130}},"254":{"start":{"line":404,"column":10},"end":{"line":404,"column":null}},"255":{"start":{"line":407,"column":13},"end":{"line":432,"column":null}},"256":{"start":{"line":409,"column":23},"end":{"line":409,"column":171}},"257":{"start":{"line":410,"column":24},"end":{"line":410,"column":167}},"258":{"start":{"line":411,"column":23},"end":{"line":411,"column":45}},"259":{"start":{"line":412,"column":8},"end":{"line":412,"column":null}},"260":{"start":{"line":414,"column":13},"end":{"line":432,"column":null}},"261":{"start":{"line":416,"column":26},"end":{"line":416,"column":160}},"262":{"start":{"line":417,"column":26},"end":{"line":417,"column":164}},"263":{"start":{"line":418,"column":26},"end":{"line":418,"column":91}},"264":{"start":{"line":419,"column":8},"end":{"line":419,"column":null}},"265":{"start":{"line":422,"column":8},"end":{"line":425,"column":null}},"266":{"start":{"line":423,"column":25},"end":{"line":423,"column":218}},"267":{"start":{"line":424,"column":10},"end":{"line":424,"column":null}},"268":{"start":{"line":428,"column":8},"end":{"line":431,"column":null}},"269":{"start":{"line":429,"column":26},"end":{"line":429,"column":211}},"270":{"start":{"line":430,"column":10},"end":{"line":430,"column":null}},"271":{"start":{"line":434,"column":6},"end":{"line":434,"column":null}},"272":{"start":{"line":435,"column":6},"end":{"line":435,"column":null}}},"fnMap":{"0":{"name":"(anonymous_0)","decl":{"start":{"line":11,"column":8},"end":{"line":11,"column":13}},"loc":{"start":{"line":11,"column":28},"end":{"line":355,"column":3}},"line":11},"1":{"name":"(anonymous_1)","decl":{"start":{"line":113,"column":40},"end":{"line":113,"column":45}},"loc":{"start":{"line":114,"column":16},"end":{"line":116,"column":null}},"line":114},"2":{"name":"(anonymous_2)","decl":{"start":{"line":116,"column":24},"end":{"line":116,"column":25}},"loc":{"start":{"line":116,"column":30},"end":{"line":116,"column":67}},"line":116},"3":{"name":"(anonymous_3)","decl":{"start":{"line":159,"column":77},"end":{"line":159,"column":78}},"loc":{"start":{"line":159,"column":82},"end":{"line":159,"column":90}},"line":159},"4":{"name":"(anonymous_4)","decl":{"start":{"line":184,"column":75},"end":{"line":184,"column":76}},"loc":{"start":{"line":184,"column":80},"end":{"line":184,"column":88}},"line":184},"5":{"name":"(anonymous_5)","decl":{"start":{"line":357,"column":8},"end":{"line":357,"column":13}},"loc":{"start":{"line":357,"column":26},"end":{"line":386,"column":3}},"line":357},"6":{"name":"(anonymous_6)","decl":{"start":{"line":388,"column":8},"end":{"line":388,"column":17}},"loc":{"start":{"line":388,"column":35},"end":{"line":437,"column":null}},"line":388}},"branchMap":{"0":{"loc":{"start":{"line":13,"column":6},"end":{"line":13,"column":null}},"type":"if","locations":[{"start":{"line":13,"column":6},"end":{"line":13,"column":null}},{"start":{},"end":{}}],"line":13},"1":{"loc":{"start":{"line":20,"column":4},"end":{"line":22,"column":null}},"type":"if","locations":[{"start":{"line":20,"column":4},"end":{"line":22,"column":null}},{"start":{},"end":{}}],"line":20},"2":{"loc":{"start":{"line":30,"column":4},"end":{"line":32,"column":null}},"type":"if","locations":[{"start":{"line":30,"column":4},"end":{"line":32,"column":null}},{"start":{},"end":{}}],"line":30},"3":{"loc":{"start":{"line":34,"column":4},"end":{"line":137,"column":null}},"type":"if","locations":[{"start":{"line":34,"column":4},"end":{"line":137,"column":null}},{"start":{},"end":{}}],"line":34},"4":{"loc":{"start":{"line":35,"column":6},"end":{"line":35,"column":null}},"type":"if","locations":[{"start":{"line":35,"column":6},"end":{"line":35,"column":null}},{"start":{},"end":{}}],"line":35},"5":{"loc":{"start":{"line":36,"column":6},"end":{"line":53,"column":null}},"type":"if","locations":[{"start":{"line":36,"column":6},"end":{"line":53,"column":null}},{"start":{},"end":{}}],"line":36},"6":{"loc":{"start":{"line":48,"column":24},"end":{"line":48,"column":95}},"type":"cond-expr","locations":[{"start":{"line":48,"column":44},"end":{"line":48,"column":53}},{"start":{"line":48,"column":56},"end":{"line":48,"column":95}}],"line":48},"7":{"loc":{"start":{"line":48,"column":56},"end":{"line":48,"column":95}},"type":"cond-expr","locations":[{"start":{"line":48,"column":71},"end":{"line":48,"column":81}},{"start":{"line":48,"column":84},"end":{"line":48,"column":95}}],"line":48},"8":{"loc":{"start":{"line":51,"column":20},"end":{"line":51,"column":54}},"type":"cond-expr","locations":[{"start":{"line":51,"column":45},"end":{"line":51,"column":48}},{"start":{"line":51,"column":51},"end":{"line":51,"column":54}}],"line":51},"9":{"loc":{"start":{"line":55,"column":6},"end":{"line":78,"column":null}},"type":"if","locations":[{"start":{"line":55,"column":6},"end":{"line":78,"column":null}},{"start":{},"end":{}}],"line":55},"10":{"loc":{"start":{"line":56,"column":8},"end":{"line":58,"column":null}},"type":"if","locations":[{"start":{"line":56,"column":8},"end":{"line":58,"column":null}},{"start":{},"end":{}}],"line":56},"11":{"loc":{"start":{"line":80,"column":6},"end":{"line":87,"column":null}},"type":"if","locations":[{"start":{"line":80,"column":6},"end":{"line":87,"column":null}},{"start":{},"end":{}}],"line":80},"12":{"loc":{"start":{"line":81,"column":8},"end":{"line":83,"column":null}},"type":"if","locations":[{"start":{"line":81,"column":8},"end":{"line":83,"column":null}},{"start":{},"end":{}}],"line":81},"13":{"loc":{"start":{"line":88,"column":6},"end":{"line":99,"column":null}},"type":"if","locations":[{"start":{"line":88,"column":6},"end":{"line":99,"column":null}},{"start":{},"end":{}}],"line":88},"14":{"loc":{"start":{"line":89,"column":8},"end":{"line":89,"column":null}},"type":"if","locations":[{"start":{"line":89,"column":8},"end":{"line":89,"column":null}},{"start":{},"end":{}}],"line":89},"15":{"loc":{"start":{"line":90,"column":8},"end":{"line":90,"column":null}},"type":"if","locations":[{"start":{"line":90,"column":8},"end":{"line":90,"column":null}},{"start":{},"end":{}}],"line":90},"16":{"loc":{"start":{"line":95,"column":45},"end":{"line":95,"column":63}},"type":"binary-expr","locations":[{"start":{"line":95,"column":45},"end":{"line":95,"column":57}},{"start":{"line":95,"column":61},"end":{"line":95,"column":63}}],"line":95},"17":{"loc":{"start":{"line":101,"column":6},"end":{"line":135,"column":null}},"type":"if","locations":[{"start":{"line":101,"column":6},"end":{"line":135,"column":null}},{"start":{},"end":{}}],"line":101},"18":{"loc":{"start":{"line":110,"column":8},"end":{"line":124,"column":null}},"type":"if","locations":[{"start":{"line":110,"column":8},"end":{"line":124,"column":null}},{"start":{},"end":{}}],"line":110},"19":{"loc":{"start":{"line":125,"column":23},"end":{"line":125,"column":88}},"type":"binary-expr","locations":[{"start":{"line":125,"column":23},"end":{"line":125,"column":33}},{"start":{"line":125,"column":37},"end":{"line":125,"column":46}},{"start":{"line":125,"column":50},"end":{"line":125,"column":88}}],"line":125},"20":{"loc":{"start":{"line":132,"column":18},"end":{"line":132,"column":36}},"type":"cond-expr","locations":[{"start":{"line":132,"column":27},"end":{"line":132,"column":30}},{"start":{"line":132,"column":33},"end":{"line":132,"column":36}}],"line":132},"21":{"loc":{"start":{"line":139,"column":4},"end":{"line":229,"column":null}},"type":"if","locations":[{"start":{"line":139,"column":4},"end":{"line":229,"column":null}},{"start":{},"end":{}}],"line":139},"22":{"loc":{"start":{"line":139,"column":8},"end":{"line":139,"column":73}},"type":"binary-expr","locations":[{"start":{"line":139,"column":8},"end":{"line":139,"column":33}},{"start":{"line":139,"column":37},"end":{"line":139,"column":73}}],"line":139},"23":{"loc":{"start":{"line":141,"column":6},"end":{"line":143,"column":null}},"type":"if","locations":[{"start":{"line":141,"column":6},"end":{"line":143,"column":null}},{"start":{},"end":{}}],"line":141},"24":{"loc":{"start":{"line":141,"column":10},"end":{"line":141,"column":50}},"type":"binary-expr","locations":[{"start":{"line":141,"column":10},"end":{"line":141,"column":17}},{"start":{"line":141,"column":21},"end":{"line":141,"column":50}}],"line":141},"25":{"loc":{"start":{"line":153,"column":6},"end":{"line":153,"column":null}},"type":"if","locations":[{"start":{"line":153,"column":6},"end":{"line":153,"column":null}},{"start":{},"end":{}}],"line":153},"26":{"loc":{"start":{"line":156,"column":6},"end":{"line":180,"column":null}},"type":"if","locations":[{"start":{"line":156,"column":6},"end":{"line":180,"column":null}},{"start":{},"end":{}}],"line":156},"27":{"loc":{"start":{"line":159,"column":31},"end":{"line":159,"column":60}},"type":"binary-expr","locations":[{"start":{"line":159,"column":31},"end":{"line":159,"column":54}},{"start":{"line":159,"column":58},"end":{"line":159,"column":60}}],"line":159},"28":{"loc":{"start":{"line":160,"column":8},"end":{"line":160,"column":null}},"type":"if","locations":[{"start":{"line":160,"column":8},"end":{"line":160,"column":null}},{"start":{},"end":{}}],"line":160},"29":{"loc":{"start":{"line":163,"column":8},"end":{"line":175,"column":null}},"type":"if","locations":[{"start":{"line":163,"column":8},"end":{"line":175,"column":null}},{"start":{"line":165,"column":15},"end":{"line":175,"column":null}}],"line":163},"30":{"loc":{"start":{"line":164,"column":43},"end":{"line":164,"column":82}},"type":"binary-expr","locations":[{"start":{"line":164,"column":43},"end":{"line":164,"column":69}},{"start":{"line":164,"column":73},"end":{"line":164,"column":82}}],"line":164},"31":{"loc":{"start":{"line":164,"column":90},"end":{"line":164,"column":121}},"type":"binary-expr","locations":[{"start":{"line":164,"column":90},"end":{"line":164,"column":116}},{"start":{"line":164,"column":120},"end":{"line":164,"column":121}}],"line":164},"32":{"loc":{"start":{"line":164,"column":155},"end":{"line":164,"column":194}},"type":"binary-expr","locations":[{"start":{"line":164,"column":155},"end":{"line":164,"column":181}},{"start":{"line":164,"column":185},"end":{"line":164,"column":194}}],"line":164},"33":{"loc":{"start":{"line":165,"column":15},"end":{"line":175,"column":null}},"type":"if","locations":[{"start":{"line":165,"column":15},"end":{"line":175,"column":null}},{"start":{"line":167,"column":15},"end":{"line":175,"column":null}}],"line":165},"34":{"loc":{"start":{"line":167,"column":15},"end":{"line":175,"column":null}},"type":"if","locations":[{"start":{"line":167,"column":15},"end":{"line":175,"column":null}},{"start":{"line":169,"column":15},"end":{"line":175,"column":null}}],"line":167},"35":{"loc":{"start":{"line":169,"column":15},"end":{"line":175,"column":null}},"type":"if","locations":[{"start":{"line":169,"column":15},"end":{"line":175,"column":null}},{"start":{"line":171,"column":15},"end":{"line":175,"column":null}}],"line":169},"36":{"loc":{"start":{"line":171,"column":15},"end":{"line":175,"column":null}},"type":"if","locations":[{"start":{"line":171,"column":15},"end":{"line":175,"column":null}},{"start":{"line":173,"column":15},"end":{"line":175,"column":null}}],"line":171},"37":{"loc":{"start":{"line":173,"column":15},"end":{"line":175,"column":null}},"type":"if","locations":[{"start":{"line":173,"column":15},"end":{"line":175,"column":null}},{"start":{},"end":{}}],"line":173},"38":{"loc":{"start":{"line":177,"column":21},"end":{"line":177,"column":95}},"type":"cond-expr","locations":[{"start":{"line":177,"column":39},"end":{"line":177,"column":70}},{"start":{"line":177,"column":73},"end":{"line":177,"column":95}}],"line":177},"39":{"loc":{"start":{"line":184,"column":29},"end":{"line":184,"column":58}},"type":"binary-expr","locations":[{"start":{"line":184,"column":29},"end":{"line":184,"column":52}},{"start":{"line":184,"column":56},"end":{"line":184,"column":58}}],"line":184},"40":{"loc":{"start":{"line":186,"column":6},"end":{"line":189,"column":null}},"type":"if","locations":[{"start":{"line":186,"column":6},"end":{"line":189,"column":null}},{"start":{},"end":{}}],"line":186},"41":{"loc":{"start":{"line":192,"column":6},"end":{"line":196,"column":null}},"type":"if","locations":[{"start":{"line":192,"column":6},"end":{"line":196,"column":null}},{"start":{},"end":{}}],"line":192},"42":{"loc":{"start":{"line":194,"column":8},"end":{"line":194,"column":null}},"type":"if","locations":[{"start":{"line":194,"column":8},"end":{"line":194,"column":null}},{"start":{},"end":{}}],"line":194},"43":{"loc":{"start":{"line":194,"column":12},"end":{"line":194,"column":58}},"type":"binary-expr","locations":[{"start":{"line":194,"column":12},"end":{"line":194,"column":18}},{"start":{"line":194,"column":22},"end":{"line":194,"column":58}}],"line":194},"44":{"loc":{"start":{"line":200,"column":6},"end":{"line":204,"column":null}},"type":"if","locations":[{"start":{"line":200,"column":6},"end":{"line":204,"column":null}},{"start":{},"end":{}}],"line":200},"45":{"loc":{"start":{"line":202,"column":8},"end":{"line":202,"column":null}},"type":"if","locations":[{"start":{"line":202,"column":8},"end":{"line":202,"column":null}},{"start":{},"end":{}}],"line":202},"46":{"loc":{"start":{"line":207,"column":6},"end":{"line":216,"column":null}},"type":"if","locations":[{"start":{"line":207,"column":6},"end":{"line":216,"column":null}},{"start":{},"end":{}}],"line":207},"47":{"loc":{"start":{"line":210,"column":34},"end":{"line":210,"column":70}},"type":"binary-expr","locations":[{"start":{"line":210,"column":34},"end":{"line":210,"column":63}},{"start":{"line":210,"column":67},"end":{"line":210,"column":70}}],"line":210},"48":{"loc":{"start":{"line":211,"column":8},"end":{"line":214,"column":null}},"type":"if","locations":[{"start":{"line":211,"column":8},"end":{"line":214,"column":null}},{"start":{},"end":{}}],"line":211},"49":{"loc":{"start":{"line":222,"column":8},"end":{"line":222,"column":null}},"type":"if","locations":[{"start":{"line":222,"column":8},"end":{"line":222,"column":null}},{"start":{},"end":{}}],"line":222},"50":{"loc":{"start":{"line":232,"column":4},"end":{"line":247,"column":null}},"type":"if","locations":[{"start":{"line":232,"column":4},"end":{"line":247,"column":null}},{"start":{},"end":{}}],"line":232},"51":{"loc":{"start":{"line":235,"column":6},"end":{"line":235,"column":null}},"type":"if","locations":[{"start":{"line":235,"column":6},"end":{"line":235,"column":null}},{"start":{},"end":{}}],"line":235},"52":{"loc":{"start":{"line":237,"column":6},"end":{"line":237,"column":null}},"type":"if","locations":[{"start":{"line":237,"column":6},"end":{"line":237,"column":null}},{"start":{},"end":{}}],"line":237},"53":{"loc":{"start":{"line":241,"column":26},"end":{"line":241,"column":88}},"type":"binary-expr","locations":[{"start":{"line":241,"column":26},"end":{"line":241,"column":58}},{"start":{"line":241,"column":62},"end":{"line":241,"column":88}}],"line":241},"54":{"loc":{"start":{"line":249,"column":4},"end":{"line":260,"column":null}},"type":"if","locations":[{"start":{"line":249,"column":4},"end":{"line":260,"column":null}},{"start":{},"end":{}}],"line":249},"55":{"loc":{"start":{"line":250,"column":6},"end":{"line":250,"column":null}},"type":"if","locations":[{"start":{"line":250,"column":6},"end":{"line":250,"column":null}},{"start":{},"end":{}}],"line":250},"56":{"loc":{"start":{"line":251,"column":6},"end":{"line":251,"column":null}},"type":"if","locations":[{"start":{"line":251,"column":6},"end":{"line":251,"column":null}},{"start":{},"end":{}}],"line":251},"57":{"loc":{"start":{"line":252,"column":21},"end":{"line":252,"column":63}},"type":"binary-expr","locations":[{"start":{"line":252,"column":21},"end":{"line":252,"column":57}},{"start":{"line":252,"column":61},"end":{"line":252,"column":63}}],"line":252},"58":{"loc":{"start":{"line":253,"column":6},"end":{"line":253,"column":null}},"type":"if","locations":[{"start":{"line":253,"column":6},"end":{"line":253,"column":null}},{"start":{},"end":{}}],"line":253},"59":{"loc":{"start":{"line":256,"column":6},"end":{"line":256,"column":null}},"type":"if","locations":[{"start":{"line":256,"column":6},"end":{"line":256,"column":null}},{"start":{},"end":{}}],"line":256},"60":{"loc":{"start":{"line":257,"column":21},"end":{"line":257,"column":50}},"type":"binary-expr","locations":[{"start":{"line":257,"column":21},"end":{"line":257,"column":44}},{"start":{"line":257,"column":48},"end":{"line":257,"column":50}}],"line":257},"61":{"loc":{"start":{"line":263,"column":4},"end":{"line":292,"column":null}},"type":"if","locations":[{"start":{"line":263,"column":4},"end":{"line":292,"column":null}},{"start":{},"end":{}}],"line":263},"62":{"loc":{"start":{"line":264,"column":6},"end":{"line":264,"column":null}},"type":"if","locations":[{"start":{"line":264,"column":6},"end":{"line":264,"column":null}},{"start":{},"end":{}}],"line":264},"63":{"loc":{"start":{"line":265,"column":6},"end":{"line":265,"column":null}},"type":"if","locations":[{"start":{"line":265,"column":6},"end":{"line":265,"column":null}},{"start":{},"end":{}}],"line":265},"64":{"loc":{"start":{"line":266,"column":21},"end":{"line":266,"column":63}},"type":"binary-expr","locations":[{"start":{"line":266,"column":21},"end":{"line":266,"column":57}},{"start":{"line":266,"column":61},"end":{"line":266,"column":63}}],"line":266},"65":{"loc":{"start":{"line":267,"column":6},"end":{"line":269,"column":null}},"type":"if","locations":[{"start":{"line":267,"column":6},"end":{"line":269,"column":null}},{"start":{},"end":{}}],"line":267},"66":{"loc":{"start":{"line":271,"column":6},"end":{"line":273,"column":null}},"type":"if","locations":[{"start":{"line":271,"column":6},"end":{"line":273,"column":null}},{"start":{},"end":{}}],"line":271},"67":{"loc":{"start":{"line":279,"column":6},"end":{"line":281,"column":null}},"type":"if","locations":[{"start":{"line":279,"column":6},"end":{"line":281,"column":null}},{"start":{},"end":{}}],"line":279},"68":{"loc":{"start":{"line":279,"column":10},"end":{"line":279,"column":43}},"type":"binary-expr","locations":[{"start":{"line":279,"column":10},"end":{"line":279,"column":15}},{"start":{"line":279,"column":19},"end":{"line":279,"column":43}}],"line":279},"69":{"loc":{"start":{"line":282,"column":6},"end":{"line":284,"column":null}},"type":"if","locations":[{"start":{"line":282,"column":6},"end":{"line":284,"column":null}},{"start":{},"end":{}}],"line":282},"70":{"loc":{"start":{"line":285,"column":18},"end":{"line":285,"column":78}},"type":"cond-expr","locations":[{"start":{"line":285,"column":44},"end":{"line":285,"column":70}},{"start":{"line":285,"column":73},"end":{"line":285,"column":78}}],"line":285},"71":{"loc":{"start":{"line":288,"column":74},"end":{"line":288,"column":113}},"type":"binary-expr","locations":[{"start":{"line":288,"column":74},"end":{"line":288,"column":83}},{"start":{"line":288,"column":87},"end":{"line":288,"column":113}}],"line":288},"72":{"loc":{"start":{"line":294,"column":4},"end":{"line":352,"column":null}},"type":"if","locations":[{"start":{"line":294,"column":4},"end":{"line":352,"column":null}},{"start":{},"end":{}}],"line":294},"73":{"loc":{"start":{"line":295,"column":6},"end":{"line":295,"column":null}},"type":"if","locations":[{"start":{"line":295,"column":6},"end":{"line":295,"column":null}},{"start":{},"end":{}}],"line":295},"74":{"loc":{"start":{"line":296,"column":6},"end":{"line":296,"column":null}},"type":"if","locations":[{"start":{"line":296,"column":6},"end":{"line":296,"column":null}},{"start":{},"end":{}}],"line":296},"75":{"loc":{"start":{"line":297,"column":6},"end":{"line":300,"column":null}},"type":"if","locations":[{"start":{"line":297,"column":6},"end":{"line":300,"column":null}},{"start":{},"end":{}}],"line":297},"76":{"loc":{"start":{"line":301,"column":21},"end":{"line":301,"column":63}},"type":"binary-expr","locations":[{"start":{"line":301,"column":21},"end":{"line":301,"column":57}},{"start":{"line":301,"column":61},"end":{"line":301,"column":63}}],"line":301},"77":{"loc":{"start":{"line":302,"column":6},"end":{"line":305,"column":null}},"type":"if","locations":[{"start":{"line":302,"column":6},"end":{"line":305,"column":null}},{"start":{},"end":{}}],"line":302},"78":{"loc":{"start":{"line":306,"column":6},"end":{"line":316,"column":null}},"type":"if","locations":[{"start":{"line":306,"column":6},"end":{"line":316,"column":null}},{"start":{},"end":{}}],"line":306},"79":{"loc":{"start":{"line":307,"column":19},"end":{"line":307,"column":71}},"type":"binary-expr","locations":[{"start":{"line":307,"column":19},"end":{"line":307,"column":58}},{"start":{"line":307,"column":62},"end":{"line":307,"column":71}}],"line":307},"80":{"loc":{"start":{"line":310,"column":30},"end":{"line":310,"column":62}},"type":"binary-expr","locations":[{"start":{"line":310,"column":30},"end":{"line":310,"column":55}},{"start":{"line":310,"column":59},"end":{"line":310,"column":62}}],"line":310},"81":{"loc":{"start":{"line":311,"column":8},"end":{"line":314,"column":null}},"type":"if","locations":[{"start":{"line":311,"column":8},"end":{"line":314,"column":null}},{"start":{},"end":{}}],"line":311},"82":{"loc":{"start":{"line":321,"column":6},"end":{"line":323,"column":null}},"type":"if","locations":[{"start":{"line":321,"column":6},"end":{"line":323,"column":null}},{"start":{},"end":{}}],"line":321},"83":{"loc":{"start":{"line":321,"column":10},"end":{"line":321,"column":48}},"type":"binary-expr","locations":[{"start":{"line":321,"column":10},"end":{"line":321,"column":29}},{"start":{"line":321,"column":33},"end":{"line":321,"column":48}}],"line":321},"84":{"loc":{"start":{"line":324,"column":25},"end":{"line":324,"column":40}},"type":"binary-expr","locations":[{"start":{"line":324,"column":25},"end":{"line":324,"column":34}},{"start":{"line":324,"column":38},"end":{"line":324,"column":40}}],"line":324},"85":{"loc":{"start":{"line":325,"column":6},"end":{"line":328,"column":null}},"type":"if","locations":[{"start":{"line":325,"column":6},"end":{"line":328,"column":null}},{"start":{},"end":{}}],"line":325},"86":{"loc":{"start":{"line":331,"column":6},"end":{"line":333,"column":null}},"type":"if","locations":[{"start":{"line":331,"column":6},"end":{"line":333,"column":null}},{"start":{},"end":{}}],"line":331},"87":{"loc":{"start":{"line":332,"column":51},"end":{"line":332,"column":75}},"type":"binary-expr","locations":[{"start":{"line":332,"column":51},"end":{"line":332,"column":65}},{"start":{"line":332,"column":69},"end":{"line":332,"column":75}}],"line":332},"88":{"loc":{"start":{"line":334,"column":21},"end":{"line":334,"column":50}},"type":"binary-expr","locations":[{"start":{"line":334,"column":21},"end":{"line":334,"column":44}},{"start":{"line":334,"column":48},"end":{"line":334,"column":50}}],"line":334},"89":{"loc":{"start":{"line":335,"column":47},"end":{"line":335,"column":96}},"type":"binary-expr","locations":[{"start":{"line":335,"column":47},"end":{"line":335,"column":58}},{"start":{"line":335,"column":62},"end":{"line":335,"column":96}}],"line":335},"90":{"loc":{"start":{"line":340,"column":6},"end":{"line":348,"column":null}},"type":"if","locations":[{"start":{"line":340,"column":6},"end":{"line":348,"column":null}},{"start":{},"end":{}}],"line":340},"91":{"loc":{"start":{"line":340,"column":10},"end":{"line":340,"column":48}},"type":"binary-expr","locations":[{"start":{"line":340,"column":10},"end":{"line":340,"column":15}},{"start":{"line":340,"column":19},"end":{"line":340,"column":38}},{"start":{"line":340,"column":42},"end":{"line":340,"column":48}}],"line":340},"92":{"loc":{"start":{"line":350,"column":53},"end":{"line":350,"column":76}},"type":"binary-expr","locations":[{"start":{"line":350,"column":53},"end":{"line":350,"column":58}},{"start":{"line":350,"column":62},"end":{"line":350,"column":76}}],"line":350},"93":{"loc":{"start":{"line":361,"column":8},"end":{"line":361,"column":null}},"type":"if","locations":[{"start":{"line":361,"column":8},"end":{"line":361,"column":null}},{"start":{},"end":{}}],"line":361},"94":{"loc":{"start":{"line":361,"column":12},"end":{"line":361,"column":39}},"type":"binary-expr","locations":[{"start":{"line":361,"column":12},"end":{"line":361,"column":19}},{"start":{"line":361,"column":23},"end":{"line":361,"column":30}},{"start":{"line":361,"column":34},"end":{"line":361,"column":39}}],"line":361},"95":{"loc":{"start":{"line":364,"column":8},"end":{"line":364,"column":null}},"type":"if","locations":[{"start":{"line":364,"column":8},"end":{"line":364,"column":null}},{"start":{},"end":{}}],"line":364},"96":{"loc":{"start":{"line":364,"column":82},"end":{"line":364,"column":100}},"type":"binary-expr","locations":[{"start":{"line":364,"column":82},"end":{"line":364,"column":90}},{"start":{"line":364,"column":94},"end":{"line":364,"column":100}}],"line":364},"97":{"loc":{"start":{"line":368,"column":8},"end":{"line":383,"column":null}},"type":"if","locations":[{"start":{"line":368,"column":8},"end":{"line":383,"column":null}},{"start":{"line":381,"column":15},"end":{"line":383,"column":null}}],"line":368},"98":{"loc":{"start":{"line":375,"column":49},"end":{"line":375,"column":70}},"type":"binary-expr","locations":[{"start":{"line":375,"column":49},"end":{"line":375,"column":57}},{"start":{"line":375,"column":61},"end":{"line":375,"column":70}}],"line":375},"99":{"loc":{"start":{"line":376,"column":12},"end":{"line":376,"column":null}},"type":"if","locations":[{"start":{"line":376,"column":12},"end":{"line":376,"column":null}},{"start":{},"end":{}}],"line":376},"100":{"loc":{"start":{"line":389,"column":19},"end":{"line":389,"column":48}},"type":"binary-expr","locations":[{"start":{"line":389,"column":19},"end":{"line":389,"column":42}},{"start":{"line":389,"column":46},"end":{"line":389,"column":48}}],"line":389},"101":{"loc":{"start":{"line":390,"column":4},"end":{"line":390,"column":null}},"type":"if","locations":[{"start":{"line":390,"column":4},"end":{"line":390,"column":null}},{"start":{},"end":{}}],"line":390},"102":{"loc":{"start":{"line":397,"column":6},"end":{"line":432,"column":null}},"type":"if","locations":[{"start":{"line":397,"column":6},"end":{"line":432,"column":null}},{"start":{"line":407,"column":13},"end":{"line":432,"column":null}}],"line":397},"103":{"loc":{"start":{"line":399,"column":8},"end":{"line":405,"column":null}},"type":"if","locations":[{"start":{"line":399,"column":8},"end":{"line":405,"column":null}},{"start":{},"end":{}}],"line":399},"104":{"loc":{"start":{"line":399,"column":12},"end":{"line":399,"column":32}},"type":"binary-expr","locations":[{"start":{"line":399,"column":12},"end":{"line":399,"column":20}},{"start":{"line":399,"column":24},"end":{"line":399,"column":32}}],"line":399},"105":{"loc":{"start":{"line":407,"column":13},"end":{"line":432,"column":null}},"type":"if","locations":[{"start":{"line":407,"column":13},"end":{"line":432,"column":null}},{"start":{"line":414,"column":13},"end":{"line":432,"column":null}}],"line":407},"106":{"loc":{"start":{"line":414,"column":13},"end":{"line":432,"column":null}},"type":"if","locations":[{"start":{"line":414,"column":13},"end":{"line":432,"column":null}},{"start":{},"end":{}}],"line":414},"107":{"loc":{"start":{"line":422,"column":8},"end":{"line":425,"column":null}},"type":"if","locations":[{"start":{"line":422,"column":8},"end":{"line":425,"column":null}},{"start":{},"end":{}}],"line":422},"108":{"loc":{"start":{"line":428,"column":8},"end":{"line":431,"column":null}},"type":"if","locations":[{"start":{"line":428,"column":8},"end":{"line":431,"column":null}},{"start":{},"end":{}}],"line":428}},"s":{"0":0,"1":0,"2":0,"3":0,"4":0,"5":0,"6":0,"7":0,"8":0,"9":0,"10":0,"11":0,"12":0,"13":0,"14":0,"15":0,"16":0,"17":0,"18":0,"19":0,"20":0,"21":0,"22":0,"23":0,"24":0,"25":0,"26":0,"27":0,"28":0,"29":0,"30":0,"31":0,"32":0,"33":0,"34":0,"35":0,"36":0,"37":0,"38":0,"39":0,"40":0,"41":0,"42":0,"43":0,"44":0,"45":0,"46":0,"47":0,"48":0,"49":0,"50":0,"51":0,"52":0,"53":0,"54":0,"55":0,"56":0,"57":0,"58":0,"59":0,"60":0,"61":0,"62":0,"63":0,"64":0,"65":0,"66":0,"67":0,"68":0,"69":0,"70":0,"71":0,"72":0,"73":0,"74":0,"75":0,"76":0,"77":0,"78":0,"79":0,"80":0,"81":0,"82":0,"83":0,"84":0,"85":0,"86":0,"87":0,"88":0,"89":0,"90":0,"91":0,"92":0,"93":0,"94":0,"95":0,"96":0,"97":0,"98":0,"99":0,"100":0,"101":0,"102":0,"103":0,"104":0,"105":0,"106":0,"107":0,"108":0,"109":0,"110":0,"111":0,"112":0,"113":0,"114":0,"115":0,"116":0,"117":0,"118":0,"119":0,"120":0,"121":0,"122":0,"123":0,"124":0,"125":0,"126":0,"127":0,"128":0,"129":0,"130":0,"131":0,"132":0,"133":0,"134":0,"135":0,"136":0,"137":0,"138":0,"139":0,"140":0,"141":0,"142":0,"143":0,"144":0,"145":0,"146":0,"147":0,"148":0,"149":0,"150":0,"151":0,"152":0,"153":0,"154":0,"155":0,"156":0,"157":0,"158":0,"159":0,"160":0,"161":0,"162":0,"163":0,"164":0,"165":0,"166":0,"167":0,"168":0,"169":0,"170":0,"171":0,"172":0,"173":0,"174":0,"175":0,"176":0,"177":0,"178":0,"179":0,"180":0,"181":0,"182":0,"183":0,"184":0,"185":0,"186":0,"187":0,"188":0,"189":0,"190":0,"191":0,"192":0,"193":0,"194":0,"195":0,"196":0,"197":0,"198":0,"199":0,"200":0,"201":0,"202":0,"203":0,"204":0,"205":0,"206":0,"207":0,"208":0,"209":0,"210":0,"211":0,"212":0,"213":0,"214":0,"215":0,"216":0,"217":0,"218":0,"219":0,"220":0,"221":0,"222":0,"223":0,"224":0,"225":0,"226":0,"227":0,"228":0,"229":0,"230":0,"231":0,"232":0,"233":0,"234":0,"235":0,"236":0,"237":0,"238":0,"239":0,"240":0,"241":0,"242":0,"243":0,"244":0,"245":0,"246":0,"247":0,"248":0,"249":0,"250":0,"251":0,"252":0,"253":0,"254":0,"255":0,"256":0,"257":0,"258":0,"259":0,"260":0,"261":0,"262":0,"263":0,"264":0,"265":0,"266":0,"267":0,"268":0,"269":0,"270":0,"271":0,"272":0},"f":{"0":0,"1":0,"2":0,"3":0,"4":0,"5":0,"6":0},"b":{"0":[0,0],"1":[0,0],"2":[0,0],"3":[0,0],"4":[0,0],"5":[0,0],"6":[0,0],"7":[0,0],"8":[0,0],"9":[0,0],"10":[0,0],"11":[0,0],"12":[0,0],"13":[0,0],"14":[0,0],"15":[0,0],"16":[0,0],"17":[0,0],"18":[0,0],"19":[0,0,0],"20":[0,0],"21":[0,0],"22":[0,0],"23":[0,0],"24":[0,0],"25":[0,0],"26":[0,0],"27":[0,0],"28":[0,0],"29":[0,0],"30":[0,0],"31":[0,0],"32":[0,0],"33":[0,0],"34":[0,0],"35":[0,0],"36":[0,0],"37":[0,0],"38":[0,0],"39":[0,0],"40":[0,0],"41":[0,0],"42":[0,0],"43":[0,0],"44":[0,0],"45":[0,0],"46":[0,0],"47":[0,0],"48":[0,0],"49":[0,0],"50":[0,0],"51":[0,0],"52":[0,0],"53":[0,0],"54":[0,0],"55":[0,0],"56":[0,0],"57":[0,0],"58":[0,0],"59":[0,0],"60":[0,0],"61":[0,0],"62":[0,0],"63":[0,0],"64":[0,0],"65":[0,0],"66":[0,0],"67":[0,0],"68":[0,0],"69":[0,0],"70":[0,0],"71":[0,0],"72":[0,0],"73":[0,0],"74":[0,0],"75":[0,0],"76":[0,0],"77":[0,0],"78":[0,0],"79":[0,0],"80":[0,0],"81":[0,0],"82":[0,0],"83":[0,0],"84":[0,0],"85":[0,0],"86":[0,0],"87":[0,0],"88":[0,0],"89":[0,0],"90":[0,0],"91":[0,0,0],"92":[0,0],"93":[0,0],"94":[0,0,0],"95":[0,0],"96":[0,0],"97":[0,0],"98":[0,0],"99":[0,0],"100":[0,0],"101":[0,0],"102":[0,0],"103":[0,0],"104":[0,0],"105":[0,0],"106":[0,0],"107":[0,0],"108":[0,0]},"meta":{"lastBranch":109,"lastFunction":7,"lastStatement":273,"seen":{"s:8:17:8:79":0,"f:11:8:11:13":0,"s:12:4:14:Infinity":1,"b:13:6:13:Infinity:undefined:undefined:undefined:undefined":0,"s:13:6:13:Infinity":2,"s:13:21:13:Infinity":3,"s:16:16:16:36":4,"s:17:17:17:29":5,"b:20:4:22:Infinity:undefined:undefined:undefined:undefined":1,"s:20:4:22:Infinity":6,"s:21:6:21:Infinity":7,"s:24:17:28:5":8,"b:30:4:32:Infinity:undefined:undefined:undefined:undefined":2,"s:30:4:32:Infinity":9,"s:31:6:31:Infinity":10,"b:34:4:137:Infinity:undefined:undefined:undefined:undefined":3,"s:34:4:137:Infinity":11,"b:35:6:35:Infinity:undefined:undefined:undefined:undefined":4,"s:35:6:35:Infinity":12,"s:35:32:35:Infinity":13,"b:36:6:53:Infinity:undefined:undefined:undefined:undefined":5,"s:36:6:53:Infinity":14,"s:37:23:45:9":15,"s:46:24:46:68":16,"s:47:24:47:50":17,"s:48:24:48:95":18,"b:48:44:48:53:48:56:48:95":6,"b:48:71:48:81:48:84:48:95":7,"s:49:8:52:Infinity":19,"b:51:45:51:48:51:51:51:54":8,"b:55:6:78:Infinity:undefined:undefined:undefined:undefined":9,"s:55:6:78:Infinity":20,"b:56:8:58:Infinity:undefined:undefined:undefined:undefined":10,"s:56:8:58:Infinity":21,"s:57:10:57:Infinity":22,"s:59:26:59:56":23,"s:60:27:60:58":24,"s:61:20:73:9":25,"s:74:21:74:37":26,"s:75:8:77:Infinity":27,"b:80:6:87:Infinity:undefined:undefined:undefined:undefined":11,"s:80:6:87:Infinity":28,"b:81:8:83:Infinity:undefined:undefined:undefined:undefined":12,"s:81:8:83:Infinity":29,"s:82:10:82:Infinity":30,"s:84:20:84:103":31,"s:85:21:85:37":32,"s:86:8:86:Infinity":33,"b:88:6:99:Infinity:undefined:undefined:undefined:undefined":13,"s:88:6:99:Infinity":34,"b:89:8:89:Infinity:undefined:undefined:undefined:undefined":14,"s:89:8:89:Infinity":35,"s:89:69:89:Infinity":36,"b:90:8:90:Infinity:undefined:undefined:undefined:undefined":15,"s:90:8:90:Infinity":37,"s:90:21:90:Infinity":38,"s:91:8:98:Infinity":39,"s:92:23:94:17":40,"s:95:10:95:Infinity":41,"b:95:45:95:57:95:61:95:63":16,"s:97:10:97:Infinity":42,"b:101:6:135:Infinity:undefined:undefined:undefined:undefined":17,"s:101:6:135:Infinity":43,"s:102:23:106:9":44,"s:107:27:107:63":45,"s:108:24:108:29":46,"s:109:23:109:115":47,"b:110:8:124:Infinity:undefined:undefined:undefined:undefined":18,"s:110:8:124:Infinity":48,"s:111:10:123:Infinity":49,"s:112:28:118:13":50,"f:113:40:113:45":1,"s:114:16:116:Infinity":51,"f:116:24:116:25":2,"s:116:30:116:67":52,"s:119:12:119:Infinity":53,"s:120:12:120:Infinity":54,"s:120:37:120:Infinity":55,"s:122:12:122:Infinity":56,"s:125:23:125:88":57,"b:125:23:125:33:125:37:125:46:125:50:125:88":19,"s:126:8:134:Infinity":58,"b:132:27:132:30:132:33:132:36":20,"s:136:6:136:Infinity":59,"b:139:4:229:Infinity:undefined:undefined:undefined:undefined":21,"s:139:4:229:Infinity":60,"b:139:8:139:33:139:37:139:73":22,"s:140:21:140:75":61,"b:141:6:143:Infinity:undefined:undefined:undefined:undefined":23,"s:141:6:143:Infinity":62,"b:141:10:141:17:141:21:141:50":24,"s:142:8:142:Infinity":63,"s:146:6:150:Infinity":64,"s:147:8:147:Infinity":65,"s:149:8:149:Infinity":66,"s:152:22:152:36":67,"b:153:6:153:Infinity:undefined:undefined:undefined:undefined":25,"s:153:6:153:Infinity":68,"s:153:20:153:Infinity":69,"b:156:6:180:Infinity:undefined:undefined:undefined:undefined":26,"s:156:6:180:Infinity":70,"s:157:25:157:40":71,"s:158:25:158:41":72,"s:159:30:159:91":73,"b:159:31:159:54:159:58:159:60":27,"f:159:77:159:78":3,"s:159:82:159:90":74,"b:160:8:160:Infinity:undefined:undefined:undefined:undefined":28,"s:160:8:160:Infinity":75,"s:160:53:160:Infinity":76,"s:162:23:162:25":77,"b:163:8:175:Infinity:165:15:175:Infinity":29,"s:163:8:175:Infinity":78,"s:164:10:164:Infinity":79,"b:164:43:164:69:164:73:164:82":30,"b:164:90:164:116:164:120:164:121":31,"b:164:155:164:181:164:185:164:194":32,"b:165:15:175:Infinity:167:15:175:Infinity":33,"s:165:15:175:Infinity":80,"s:166:10:166:Infinity":81,"b:167:15:175:Infinity:169:15:175:Infinity":34,"s:167:15:175:Infinity":82,"s:168:10:168:Infinity":83,"b:169:15:175:Infinity:171:15:175:Infinity":35,"s:169:15:175:Infinity":84,"s:170:10:170:Infinity":85,"b:171:15:175:Infinity:173:15:175:Infinity":36,"s:171:15:175:Infinity":86,"s:172:10:172:Infinity":87,"b:173:15:175:Infinity:undefined:undefined:undefined:undefined":37,"s:173:15:175:Infinity":88,"s:174:10:174:Infinity":89,"s:177:21:177:95":90,"b:177:39:177:70:177:73:177:95":38,"s:178:8:178:Infinity":91,"s:179:8:179:Infinity":92,"s:182:21:182:36":93,"s:183:21:183:37":94,"s:184:28:184:89":95,"b:184:29:184:52:184:56:184:58":39,"f:184:75:184:76":4,"s:184:80:184:88":96,"b:186:6:189:Infinity:undefined:undefined:undefined:undefined":40,"s:186:6:189:Infinity":97,"s:187:8:187:Infinity":98,"s:188:8:188:Infinity":99,"s:191:28:191:51":100,"b:192:6:196:Infinity:undefined:undefined:undefined:undefined":41,"s:192:6:196:Infinity":101,"s:193:23:193:54":102,"b:194:8:194:Infinity:undefined:undefined:undefined:undefined":42,"s:194:8:194:Infinity":103,"b:194:12:194:18:194:22:194:58":43,"s:194:60:194:Infinity":104,"s:195:8:195:Infinity":105,"s:199:22:199:67":106,"b:200:6:204:Infinity:undefined:undefined:undefined:undefined":44,"s:200:6:204:Infinity":107,"s:201:20:201:45":108,"b:202:8:202:Infinity:undefined:undefined:undefined:undefined":45,"s:202:8:202:Infinity":109,"s:202:17:202:Infinity":110,"s:203:8:203:Infinity":111,"b:207:6:216:Infinity:undefined:undefined:undefined:undefined":46,"s:207:6:216:Infinity":112,"s:208:20:208:50":113,"s:209:28:209:55":114,"s:210:25:210:71":115,"b:210:34:210:63:210:67:210:70":47,"b:211:8:214:Infinity:undefined:undefined:undefined:undefined":48,"s:211:8:214:Infinity":116,"s:212:10:212:Infinity":117,"s:213:10:213:Infinity":118,"s:215:8:215:Infinity":119,"s:218:6:218:Infinity":120,"s:220:6:226:Infinity":121,"s:221:22:221:62":122,"b:222:8:222:Infinity:undefined:undefined:undefined:undefined":49,"s:222:8:222:Infinity":123,"s:222:19:222:Infinity":124,"s:224:8:224:Infinity":125,"s:225:8:225:Infinity":126,"s:228:6:228:Infinity":127,"b:232:4:247:Infinity:undefined:undefined:undefined:undefined":50,"s:232:4:247:Infinity":128,"s:233:18:233:39":129,"s:234:21:234:51":130,"b:235:6:235:Infinity:undefined:undefined:undefined:undefined":51,"s:235:6:235:Infinity":131,"s:235:19:235:Infinity":132,"s:236:21:236:42":133,"b:237:6:237:Infinity:undefined:undefined:undefined:undefined":52,"s:237:6:237:Infinity":134,"s:237:19:237:Infinity":135,"s:238:23:238:43":136,"s:239:6:246:Infinity":137,"b:241:26:241:58:241:62:241:88":53,"b:249:4:260:Infinity:undefined:undefined:undefined:undefined":54,"s:249:4:260:Infinity":138,"b:250:6:250:Infinity:undefined:undefined:undefined:undefined":55,"s:250:6:250:Infinity":139,"s:250:40:250:Infinity":140,"b:251:6:251:Infinity:undefined:undefined:undefined:undefined":56,"s:251:6:251:Infinity":141,"s:251:37:251:Infinity":142,"s:252:20:252:94":143,"b:252:21:252:57:252:61:252:63":57,"b:253:6:253:Infinity:undefined:undefined:undefined:undefined":58,"s:253:6:253:Infinity":144,"s:253:42:253:Infinity":145,"s:255:6:255:Infinity":146,"s:255:12:255:40":147,"s:255:51:255:146":148,"b:256:6:256:Infinity:undefined:undefined:undefined:undefined":59,"s:256:6:256:Infinity":149,"s:256:23:256:Infinity":150,"s:257:20:257:72":151,"b:257:21:257:44:257:48:257:50":60,"s:258:6:258:Infinity":152,"s:259:6:259:Infinity":153,"b:263:4:292:Infinity:undefined:undefined:undefined:undefined":61,"s:263:4:292:Infinity":154,"b:264:6:264:Infinity:undefined:undefined:undefined:undefined":62,"s:264:6:264:Infinity":155,"s:264:40:264:Infinity":156,"b:265:6:265:Infinity:undefined:undefined:undefined:undefined":63,"s:265:6:265:Infinity":157,"s:265:37:265:Infinity":158,"s:266:20:266:94":159,"b:266:21:266:57:266:61:266:63":64,"b:267:6:269:Infinity:undefined:undefined:undefined:undefined":65,"s:267:6:269:Infinity":160,"s:268:8:268:Infinity":161,"s:270:21:270:51":162,"b:271:6:273:Infinity:undefined:undefined:undefined:undefined":66,"s:271:6:273:Infinity":163,"s:272:8:272:Infinity":164,"s:275:6:277:Infinity":165,"s:275:12:275:48":166,"s:276:8:276:Infinity":167,"s:278:19:278:39":168,"b:279:6:281:Infinity:undefined:undefined:undefined:undefined":67,"s:279:6:281:Infinity":169,"b:279:10:279:15:279:19:279:43":68,"s:280:8:280:Infinity":170,"b:282:6:284:Infinity:undefined:undefined:undefined:undefined":69,"s:282:6:284:Infinity":171,"s:283:8:283:Infinity":172,"s:285:18:285:78":173,"b:285:44:285:70:285:73:285:78":70,"s:286:21:286:40":174,"s:287:18:287:44":175,"s:288:6:288:Infinity":176,"b:288:74:288:83:288:87:288:113":71,"s:289:23:289:65":177,"s:290:6:291:Infinity":178,"b:294:4:352:Infinity:undefined:undefined:undefined:undefined":72,"s:294:4:352:Infinity":179,"b:295:6:295:Infinity:undefined:undefined:undefined:undefined":73,"s:295:6:295:Infinity":180,"s:295:40:295:Infinity":181,"b:296:6:296:Infinity:undefined:undefined:undefined:undefined":74,"s:296:6:296:Infinity":182,"s:296:37:296:Infinity":183,"b:297:6:300:Infinity:undefined:undefined:undefined:undefined":75,"s:297:6:300:Infinity":184,"s:298:8:299:Infinity":185,"s:301:20:301:94":186,"b:301:21:301:57:301:61:301:63":76,"b:302:6:305:Infinity:undefined:undefined:undefined:undefined":77,"s:302:6:305:Infinity":187,"s:303:8:304:Infinity":188,"b:306:6:316:Infinity:undefined:undefined:undefined:undefined":78,"s:306:6:316:Infinity":189,"s:307:19:307:71":190,"b:307:19:307:58:307:62:307:71":79,"s:308:20:308:50":191,"s:309:24:309:47":192,"s:310:21:310:63":193,"b:310:30:310:55:310:59:310:62":80,"b:311:8:314:Infinity:undefined:undefined:undefined:undefined":81,"s:311:8:314:Infinity":194,"s:312:10:313:Infinity":195,"s:315:8:315:Infinity":196,"s:318:6:320:Infinity":197,"s:318:12:318:40":198,"s:319:8:319:Infinity":199,"b:321:6:323:Infinity:undefined:undefined:undefined:undefined":82,"s:321:6:323:Infinity":200,"b:321:10:321:29:321:33:321:48":83,"s:322:8:322:Infinity":201,"s:324:24:324:48":202,"b:324:25:324:34:324:38:324:40":84,"b:325:6:328:Infinity:undefined:undefined:undefined:undefined":85,"s:325:6:328:Infinity":203,"s:326:8:327:Infinity":204,"s:330:24:330:33":205,"b:331:6:333:Infinity:undefined:undefined:undefined:undefined":86,"s:331:6:333:Infinity":206,"s:332:8:332:Infinity":207,"b:332:51:332:65:332:69:332:75":87,"s:334:20:334:72":208,"b:334:21:334:44:334:48:334:50":88,"s:335:20:335:111":209,"b:335:47:335:58:335:62:335:96":89,"s:338:23:338:27":210,"s:339:21:339:51":211,"b:340:6:348:Infinity:undefined:undefined:undefined:undefined":90,"s:340:6:348:Infinity":212,"b:340:10:340:15:340:19:340:38:340:42:340:48":91,"s:341:8:347:Infinity":213,"s:342:27:342:46":214,"s:343:22:343:46":215,"s:344:10:344:Infinity":216,"s:345:28:345:70":217,"s:346:10:346:Infinity":218,"s:350:6:351:Infinity":219,"b:350:53:350:58:350:62:350:76":92,"s:354:4:354:Infinity":220,"f:357:8:357:13":5,"s:358:4:385:Infinity":221,"s:359:6:384:Infinity":222,"s:360:51:360:59":223,"b:361:8:361:Infinity:undefined:undefined:undefined:undefined":93,"s:361:8:361:Infinity":224,"b:361:12:361:19:361:23:361:30:361:34:361:39":94,"s:361:43:361:53":225,"s:361:54:361:63":226,"s:363:22:363:63":227,"b:364:8:364:Infinity:undefined:undefined:undefined:undefined":95,"s:364:8:364:Infinity":228,"s:364:19:364:Infinity":229,"b:364:82:364:90:364:94:364:100":96,"s:365:8:365:Infinity":230,"s:367:8:367:Infinity":231,"b:368:8:383:Infinity:381:15:383:Infinity":97,"s:368:8:383:Infinity":232,"s:370:10:379:Infinity":233,"s:371:55:371:63":234,"s:372:12:375:Infinity":235,"b:375:49:375:57:375:61:375:70":98,"b:376:12:376:Infinity:undefined:undefined:undefined:undefined":99,"s:376:12:376:Infinity":236,"s:376:24:376:Infinity":237,"s:378:12:378:Infinity":238,"s:380:10:380:20":239,"s:382:10:382:Infinity":240,"f:388:8:388:17":6,"s:389:18:389:70":241,"b:389:19:389:42:389:46:389:48":100,"b:390:4:390:Infinity:undefined:undefined:undefined:undefined":101,"s:390:4:390:Infinity":242,"s:390:16:390:Infinity":243,"s:392:17:392:41":244,"s:393:17:393:39":245,"s:394:17:394:40":246,"s:396:4:436:Infinity":247,"b:397:6:432:Infinity:407:13:432:Infinity":102,"s:397:6:432:Infinity":248,"b:399:8:405:Infinity:undefined:undefined:undefined:undefined":103,"s:399:8:405:Infinity":249,"b:399:12:399:20:399:24:399:32":104,"s:400:28:400:190":250,"s:401:28:401:176":251,"s:402:28:402:159":252,"s:403:28:403:130":253,"s:404:10:404:Infinity":254,"b:407:13:432:Infinity:414:13:432:Infinity":105,"s:407:13:432:Infinity":255,"s:409:23:409:171":256,"s:410:24:410:167":257,"s:411:23:411:45":258,"s:412:8:412:Infinity":259,"b:414:13:432:Infinity:undefined:undefined:undefined:undefined":106,"s:414:13:432:Infinity":260,"s:416:26:416:160":261,"s:417:26:417:164":262,"s:418:26:418:91":263,"s:419:8:419:Infinity":264,"b:422:8:425:Infinity:undefined:undefined:undefined:undefined":107,"s:422:8:425:Infinity":265,"s:423:25:423:218":266,"s:424:10:424:Infinity":267,"b:428:8:431:Infinity:undefined:undefined:undefined:undefined":108,"s:428:8:431:Infinity":268,"s:429:26:429:211":269,"s:430:10:430:Infinity":270,"s:434:6:434:Infinity":271,"s:435:6:435:Infinity":272}}}
,"D:\\documents\\mfm-corporation\\src\\agents\\cfo\\finance-planner.js": {"path":"D:\\documents\\mfm-corporation\\src\\agents\\cfo\\finance-planner.js","statementMap":{"0":{"start":{"line":6,"column":4},"end":{"line":22,"column":null}}},"fnMap":{"0":{"name":"(anonymous_0)","decl":{"start":{"line":5,"column":2},"end":{"line":5,"column":13}},"loc":{"start":{"line":5,"column":16},"end":{"line":23,"column":null}},"line":5}},"branchMap":{},"s":{"0":0},"f":{"0":0},"b":{},"meta":{"lastBranch":0,"lastFunction":1,"lastStatement":1,"seen":{"f:5:2:5:13":0,"s:6:4:22:Infinity":0}}}
,"D:\\documents\\mfm-corporation\\src\\agents\\cfo\\grant-tracker.js": {"path":"D:\\documents\\mfm-corporation\\src\\agents\\cfo\\grant-tracker.js","statementMap":{"0":{"start":{"line":6,"column":4},"end":{"line":39,"column":null}}},"fnMap":{"0":{"name":"(anonymous_0)","decl":{"start":{"line":5,"column":2},"end":{"line":5,"column":13}},"loc":{"start":{"line":5,"column":16},"end":{"line":40,"column":null}},"line":5}},"branchMap":{},"s":{"0":0},"f":{"0":0},"b":{},"meta":{"lastBranch":0,"lastFunction":1,"lastStatement":1,"seen":{"f:5:2:5:13":0,"s:6:4:39:Infinity":0}}}
,"D:\\documents\\mfm-corporation\\src\\agents\\cfo\\revenue-analyst.js": {"path":"D:\\documents\\mfm-corporation\\src\\agents\\cfo\\revenue-analyst.js","statementMap":{"0":{"start":{"line":6,"column":4},"end":{"line":41,"column":null}}},"fnMap":{"0":{"name":"(anonymous_0)","decl":{"start":{"line":5,"column":2},"end":{"line":5,"column":13}},"loc":{"start":{"line":5,"column":16},"end":{"line":42,"column":null}},"line":5}},"branchMap":{},"s":{"0":0},"f":{"0":0},"b":{},"meta":{"lastBranch":0,"lastFunction":1,"lastStatement":1,"seen":{"f:5:2:5:13":0,"s:6:4:41:Infinity":0}}}
,"D:\\documents\\mfm-corporation\\src\\agents\\cfo\\risk-assessor.js": {"path":"D:\\documents\\mfm-corporation\\src\\agents\\cfo\\risk-assessor.js","statementMap":{"0":{"start":{"line":6,"column":4},"end":{"line":21,"column":null}}},"fnMap":{"0":{"name":"(anonymous_0)","decl":{"start":{"line":5,"column":2},"end":{"line":5,"column":13}},"loc":{"start":{"line":5,"column":16},"end":{"line":22,"column":null}},"line":5}},"branchMap":{},"s":{"0":0},"f":{"0":0},"b":{},"meta":{"lastBranch":0,"lastFunction":1,"lastStatement":1,"seen":{"f:5:2:5:13":0,"s:6:4:21:Infinity":0}}}
,"D:\\documents\\mfm-corporation\\src\\agents\\cino\\data-analyst.js": {"path":"D:\\documents\\mfm-corporation\\src\\agents\\cino\\data-analyst.js","statementMap":{"0":{"start":{"line":6,"column":4},"end":{"line":46,"column":null}}},"fnMap":{"0":{"name":"(anonymous_0)","decl":{"start":{"line":5,"column":2},"end":{"line":5,"column":13}},"loc":{"start":{"line":5,"column":16},"end":{"line":47,"column":null}},"line":5}},"branchMap":{},"s":{"0":0},"f":{"0":0},"b":{},"meta":{"lastBranch":0,"lastFunction":1,"lastStatement":1,"seen":{"f:5:2:5:13":0,"s:6:4:46:Infinity":0}}}
,"D:\\documents\\mfm-corporation\\src\\agents\\cino\\idea-generator.js": {"path":"D:\\documents\\mfm-corporation\\src\\agents\\cino\\idea-generator.js","statementMap":{"0":{"start":{"line":6,"column":4},"end":{"line":22,"column":null}}},"fnMap":{"0":{"name":"(anonymous_0)","decl":{"start":{"line":5,"column":2},"end":{"line":5,"column":13}},"loc":{"start":{"line":5,"column":16},"end":{"line":23,"column":null}},"line":5}},"branchMap":{},"s":{"0":0},"f":{"0":0},"b":{},"meta":{"lastBranch":0,"lastFunction":1,"lastStatement":1,"seen":{"f:5:2:5:13":0,"s:6:4:22:Infinity":0}}}
,"D:\\documents\\mfm-corporation\\src\\agents\\cino\\innovation-analyst.js": {"path":"D:\\documents\\mfm-corporation\\src\\agents\\cino\\innovation-analyst.js","statementMap":{"0":{"start":{"line":6,"column":4},"end":{"line":29,"column":null}}},"fnMap":{"0":{"name":"(anonymous_0)","decl":{"start":{"line":5,"column":2},"end":{"line":5,"column":13}},"loc":{"start":{"line":5,"column":16},"end":{"line":30,"column":null}},"line":5}},"branchMap":{},"s":{"0":0},"f":{"0":0},"b":{},"meta":{"lastBranch":0,"lastFunction":1,"lastStatement":1,"seen":{"f:5:2:5:13":0,"s:6:4:29:Infinity":0}}}
,"D:\\documents\\mfm-corporation\\src\\agents\\cino\\innovation-coach.js": {"path":"D:\\documents\\mfm-corporation\\src\\agents\\cino\\innovation-coach.js","statementMap":{"0":{"start":{"line":6,"column":4},"end":{"line":35,"column":null}}},"fnMap":{"0":{"name":"(anonymous_0)","decl":{"start":{"line":5,"column":2},"end":{"line":5,"column":13}},"loc":{"start":{"line":5,"column":16},"end":{"line":36,"column":null}},"line":5}},"branchMap":{},"s":{"0":0},"f":{"0":0},"b":{},"meta":{"lastBranch":0,"lastFunction":1,"lastStatement":1,"seen":{"f:5:2:5:13":0,"s:6:4:35:Infinity":0}}}
,"D:\\documents\\mfm-corporation\\src\\agents\\cino\\mcp-llm-agent.js": {"path":"D:\\documents\\mfm-corporation\\src\\agents\\cino\\mcp-llm-agent.js","statementMap":{"0":{"start":{"line":6,"column":4},"end":{"line":24,"column":null}}},"fnMap":{"0":{"name":"(anonymous_0)","decl":{"start":{"line":5,"column":2},"end":{"line":5,"column":13}},"loc":{"start":{"line":5,"column":16},"end":{"line":25,"column":null}},"line":5}},"branchMap":{},"s":{"0":0},"f":{"0":0},"b":{},"meta":{"lastBranch":0,"lastFunction":1,"lastStatement":1,"seen":{"f:5:2:5:13":0,"s:6:4:24:Infinity":0}}}
,"D:\\documents\\mfm-corporation\\src\\agents\\cino\\research-agent.js": {"path":"D:\\documents\\mfm-corporation\\src\\agents\\cino\\research-agent.js","statementMap":{"0":{"start":{"line":6,"column":4},"end":{"line":38,"column":null}}},"fnMap":{"0":{"name":"(anonymous_0)","decl":{"start":{"line":5,"column":2},"end":{"line":5,"column":13}},"loc":{"start":{"line":5,"column":16},"end":{"line":39,"column":null}},"line":5}},"branchMap":{},"s":{"0":0},"f":{"0":0},"b":{},"meta":{"lastBranch":0,"lastFunction":1,"lastStatement":1,"seen":{"f:5:2:5:13":0,"s:6:4:38:Infinity":0}}}
,"D:\\documents\\mfm-corporation\\src\\agents\\cino\\technology-tracker.js": {"path":"D:\\documents\\mfm-corporation\\src\\agents\\cino\\technology-tracker.js","statementMap":{"0":{"start":{"line":6,"column":4},"end":{"line":62,"column":null}}},"fnMap":{"0":{"name":"(anonymous_0)","decl":{"start":{"line":5,"column":2},"end":{"line":5,"column":13}},"loc":{"start":{"line":5,"column":16},"end":{"line":63,"column":null}},"line":5}},"branchMap":{},"s":{"0":0},"f":{"0":0},"b":{},"meta":{"lastBranch":0,"lastFunction":1,"lastStatement":1,"seen":{"f:5:2:5:13":0,"s:6:4:62:Infinity":0}}}
,"D:\\documents\\mfm-corporation\\src\\agents\\cino\\trend-spotter.js": {"path":"D:\\documents\\mfm-corporation\\src\\agents\\cino\\trend-spotter.js","statementMap":{"0":{"start":{"line":6,"column":4},"end":{"line":24,"column":null}}},"fnMap":{"0":{"name":"(anonymous_0)","decl":{"start":{"line":5,"column":2},"end":{"line":5,"column":13}},"loc":{"start":{"line":5,"column":16},"end":{"line":25,"column":null}},"line":5}},"branchMap":{},"s":{"0":0},"f":{"0":0},"b":{},"meta":{"lastBranch":0,"lastFunction":1,"lastStatement":1,"seen":{"f:5:2:5:13":0,"s:6:4:24:Infinity":0}}}
,"D:\\documents\\mfm-corporation\\src\\agents\\clo\\legal-advisor.js": {"path":"D:\\documents\\mfm-corporation\\src\\agents\\clo\\legal-advisor.js","statementMap":{"0":{"start":{"line":6,"column":4},"end":{"line":38,"column":null}}},"fnMap":{"0":{"name":"(anonymous_0)","decl":{"start":{"line":5,"column":2},"end":{"line":5,"column":13}},"loc":{"start":{"line":5,"column":16},"end":{"line":39,"column":null}},"line":5}},"branchMap":{},"s":{"0":0},"f":{"0":0},"b":{},"meta":{"lastBranch":0,"lastFunction":1,"lastStatement":1,"seen":{"f:5:2:5:13":0,"s:6:4:38:Infinity":0}}}
,"D:\\documents\\mfm-corporation\\src\\agents\\cmo\\content-writer.js": {"path":"D:\\documents\\mfm-corporation\\src\\agents\\cmo\\content-writer.js","statementMap":{"0":{"start":{"line":6,"column":4},"end":{"line":28,"column":null}}},"fnMap":{"0":{"name":"(anonymous_0)","decl":{"start":{"line":5,"column":2},"end":{"line":5,"column":13}},"loc":{"start":{"line":5,"column":16},"end":{"line":29,"column":null}},"line":5}},"branchMap":{},"s":{"0":0},"f":{"0":0},"b":{},"meta":{"lastBranch":0,"lastFunction":1,"lastStatement":1,"seen":{"f:5:2:5:13":0,"s:6:4:28:Infinity":0}}}
,"D:\\documents\\mfm-corporation\\src\\agents\\cmo\\customer-success-agent.js": {"path":"D:\\documents\\mfm-corporation\\src\\agents\\cmo\\customer-success-agent.js","statementMap":{"0":{"start":{"line":6,"column":4},"end":{"line":23,"column":null}}},"fnMap":{"0":{"name":"(anonymous_0)","decl":{"start":{"line":5,"column":2},"end":{"line":5,"column":13}},"loc":{"start":{"line":5,"column":16},"end":{"line":24,"column":null}},"line":5}},"branchMap":{},"s":{"0":0},"f":{"0":0},"b":{},"meta":{"lastBranch":0,"lastFunction":1,"lastStatement":1,"seen":{"f:5:2:5:13":0,"s:6:4:23:Infinity":0}}}
,"D:\\documents\\mfm-corporation\\src\\agents\\cmo\\email-marketing-agent.js": {"path":"D:\\documents\\mfm-corporation\\src\\agents\\cmo\\email-marketing-agent.js","statementMap":{"0":{"start":{"line":6,"column":4},"end":{"line":45,"column":null}}},"fnMap":{"0":{"name":"(anonymous_0)","decl":{"start":{"line":5,"column":2},"end":{"line":5,"column":13}},"loc":{"start":{"line":5,"column":16},"end":{"line":46,"column":null}},"line":5}},"branchMap":{},"s":{"0":0},"f":{"0":0},"b":{},"meta":{"lastBranch":0,"lastFunction":1,"lastStatement":1,"seen":{"f:5:2:5:13":0,"s:6:4:45:Infinity":0}}}
,"D:\\documents\\mfm-corporation\\src\\agents\\cmo\\market-analyst.js": {"path":"D:\\documents\\mfm-corporation\\src\\agents\\cmo\\market-analyst.js","statementMap":{"0":{"start":{"line":6,"column":4},"end":{"line":30,"column":null}}},"fnMap":{"0":{"name":"(anonymous_0)","decl":{"start":{"line":5,"column":2},"end":{"line":5,"column":13}},"loc":{"start":{"line":5,"column":16},"end":{"line":31,"column":null}},"line":5}},"branchMap":{},"s":{"0":0},"f":{"0":0},"b":{},"meta":{"lastBranch":0,"lastFunction":1,"lastStatement":1,"seen":{"f:5:2:5:13":0,"s:6:4:30:Infinity":0}}}
,"D:\\documents\\mfm-corporation\\src\\agents\\cmo\\media-producer.js": {"path":"D:\\documents\\mfm-corporation\\src\\agents\\cmo\\media-producer.js","statementMap":{"0":{"start":{"line":6,"column":4},"end":{"line":36,"column":null}}},"fnMap":{"0":{"name":"(anonymous_0)","decl":{"start":{"line":5,"column":2},"end":{"line":5,"column":13}},"loc":{"start":{"line":5,"column":16},"end":{"line":37,"column":null}},"line":5}},"branchMap":{},"s":{"0":0},"f":{"0":0},"b":{},"meta":{"lastBranch":0,"lastFunction":1,"lastStatement":1,"seen":{"f:5:2:5:13":0,"s:6:4:36:Infinity":0}}}
,"D:\\documents\\mfm-corporation\\src\\agents\\cmo\\social-media-agent.js": {"path":"D:\\documents\\mfm-corporation\\src\\agents\\cmo\\social-media-agent.js","statementMap":{"0":{"start":{"line":6,"column":4},"end":{"line":50,"column":null}}},"fnMap":{"0":{"name":"(anonymous_0)","decl":{"start":{"line":5,"column":2},"end":{"line":5,"column":13}},"loc":{"start":{"line":5,"column":16},"end":{"line":51,"column":null}},"line":5}},"branchMap":{},"s":{"0":0},"f":{"0":0},"b":{},"meta":{"lastBranch":0,"lastFunction":1,"lastStatement":1,"seen":{"f:5:2:5:13":0,"s:6:4:50:Infinity":0}}}
,"D:\\documents\\mfm-corporation\\src\\agents\\coo\\analytics-reporter.js": {"path":"D:\\documents\\mfm-corporation\\src\\agents\\coo\\analytics-reporter.js","statementMap":{"0":{"start":{"line":6,"column":4},"end":{"line":35,"column":null}}},"fnMap":{"0":{"name":"(anonymous_0)","decl":{"start":{"line":5,"column":2},"end":{"line":5,"column":13}},"loc":{"start":{"line":5,"column":16},"end":{"line":36,"column":null}},"line":5}},"branchMap":{},"s":{"0":0},"f":{"0":0},"b":{},"meta":{"lastBranch":0,"lastFunction":1,"lastStatement":1,"seen":{"f:5:2:5:13":0,"s:6:4:35:Infinity":0}}}
,"D:\\documents\\mfm-corporation\\src\\agents\\coo\\data-governance-agent.js": {"path":"D:\\documents\\mfm-corporation\\src\\agents\\coo\\data-governance-agent.js","statementMap":{"0":{"start":{"line":6,"column":4},"end":{"line":23,"column":null}}},"fnMap":{"0":{"name":"(anonymous_0)","decl":{"start":{"line":5,"column":2},"end":{"line":5,"column":13}},"loc":{"start":{"line":5,"column":16},"end":{"line":24,"column":null}},"line":5}},"branchMap":{},"s":{"0":0},"f":{"0":0},"b":{},"meta":{"lastBranch":0,"lastFunction":1,"lastStatement":1,"seen":{"f:5:2:5:13":0,"s:6:4:23:Infinity":0}}}
,"D:\\documents\\mfm-corporation\\src\\agents\\coo\\google-drive-agent.js": {"path":"D:\\documents\\mfm-corporation\\src\\agents\\coo\\google-drive-agent.js","statementMap":{"0":{"start":{"line":6,"column":4},"end":{"line":31,"column":null}}},"fnMap":{"0":{"name":"(anonymous_0)","decl":{"start":{"line":5,"column":2},"end":{"line":5,"column":13}},"loc":{"start":{"line":5,"column":16},"end":{"line":32,"column":null}},"line":5}},"branchMap":{},"s":{"0":0},"f":{"0":0},"b":{},"meta":{"lastBranch":0,"lastFunction":1,"lastStatement":1,"seen":{"f:5:2:5:13":0,"s:6:4:31:Infinity":0}}}
,"D:\\documents\\mfm-corporation\\src\\agents\\coo\\meeting-scheduler.js": {"path":"D:\\documents\\mfm-corporation\\src\\agents\\coo\\meeting-scheduler.js","statementMap":{"0":{"start":{"line":6,"column":4},"end":{"line":29,"column":null}}},"fnMap":{"0":{"name":"(anonymous_0)","decl":{"start":{"line":5,"column":2},"end":{"line":5,"column":13}},"loc":{"start":{"line":5,"column":16},"end":{"line":30,"column":null}},"line":5}},"branchMap":{},"s":{"0":0},"f":{"0":0},"b":{},"meta":{"lastBranch":0,"lastFunction":1,"lastStatement":1,"seen":{"f:5:2:5:13":0,"s:6:4:29:Infinity":0}}}
,"D:\\documents\\mfm-corporation\\src\\agents\\coo\\notification-manager.js": {"path":"D:\\documents\\mfm-corporation\\src\\agents\\coo\\notification-manager.js","statementMap":{"0":{"start":{"line":6,"column":4},"end":{"line":32,"column":null}}},"fnMap":{"0":{"name":"(anonymous_0)","decl":{"start":{"line":5,"column":2},"end":{"line":5,"column":13}},"loc":{"start":{"line":5,"column":16},"end":{"line":33,"column":null}},"line":5}},"branchMap":{},"s":{"0":0},"f":{"0":0},"b":{},"meta":{"lastBranch":0,"lastFunction":1,"lastStatement":1,"seen":{"f:5:2:5:13":0,"s:6:4:32:Infinity":0}}}
,"D:\\documents\\mfm-corporation\\src\\agents\\coo\\ops-coordinator.js": {"path":"D:\\documents\\mfm-corporation\\src\\agents\\coo\\ops-coordinator.js","statementMap":{"0":{"start":{"line":6,"column":4},"end":{"line":20,"column":null}}},"fnMap":{"0":{"name":"(anonymous_0)","decl":{"start":{"line":5,"column":2},"end":{"line":5,"column":13}},"loc":{"start":{"line":5,"column":16},"end":{"line":21,"column":null}},"line":5}},"branchMap":{},"s":{"0":0},"f":{"0":0},"b":{},"meta":{"lastBranch":0,"lastFunction":1,"lastStatement":1,"seen":{"f:5:2:5:13":0,"s:6:4:20:Infinity":0}}}
,"D:\\documents\\mfm-corporation\\src\\agents\\coo\\pdf-generator.js": {"path":"D:\\documents\\mfm-corporation\\src\\agents\\coo\\pdf-generator.js","statementMap":{"0":{"start":{"line":6,"column":4},"end":{"line":38,"column":null}}},"fnMap":{"0":{"name":"(anonymous_0)","decl":{"start":{"line":5,"column":2},"end":{"line":5,"column":13}},"loc":{"start":{"line":5,"column":16},"end":{"line":39,"column":null}},"line":5}},"branchMap":{},"s":{"0":0},"f":{"0":0},"b":{},"meta":{"lastBranch":0,"lastFunction":1,"lastStatement":1,"seen":{"f:5:2:5:13":0,"s:6:4:38:Infinity":0}}}
,"D:\\documents\\mfm-corporation\\src\\agents\\coo\\process-optimizer.js": {"path":"D:\\documents\\mfm-corporation\\src\\agents\\coo\\process-optimizer.js","statementMap":{"0":{"start":{"line":6,"column":4},"end":{"line":21,"column":null}}},"fnMap":{"0":{"name":"(anonymous_0)","decl":{"start":{"line":5,"column":2},"end":{"line":5,"column":13}},"loc":{"start":{"line":5,"column":16},"end":{"line":22,"column":null}},"line":5}},"branchMap":{},"s":{"0":0},"f":{"0":0},"b":{},"meta":{"lastBranch":0,"lastFunction":1,"lastStatement":1,"seen":{"f:5:2:5:13":0,"s:6:4:21:Infinity":0}}}
,"D:\\documents\\mfm-corporation\\src\\agents\\coo\\project-manager.js": {"path":"D:\\documents\\mfm-corporation\\src\\agents\\coo\\project-manager.js","statementMap":{"0":{"start":{"line":6,"column":4},"end":{"line":32,"column":null}}},"fnMap":{"0":{"name":"(anonymous_0)","decl":{"start":{"line":5,"column":2},"end":{"line":5,"column":13}},"loc":{"start":{"line":5,"column":16},"end":{"line":33,"column":null}},"line":5}},"branchMap":{},"s":{"0":0},"f":{"0":0},"b":{},"meta":{"lastBranch":0,"lastFunction":1,"lastStatement":1,"seen":{"f:5:2:5:13":0,"s:6:4:32:Infinity":0}}}
,"D:\\documents\\mfm-corporation\\src\\agents\\coo\\quality-control-manager.js": {"path":"D:\\documents\\mfm-corporation\\src\\agents\\coo\\quality-control-manager.js","statementMap":{"0":{"start":{"line":6,"column":4},"end":{"line":34,"column":null}}},"fnMap":{"0":{"name":"(anonymous_0)","decl":{"start":{"line":5,"column":2},"end":{"line":5,"column":13}},"loc":{"start":{"line":5,"column":16},"end":{"line":35,"column":null}},"line":5}},"branchMap":{},"s":{"0":0},"f":{"0":0},"b":{},"meta":{"lastBranch":0,"lastFunction":1,"lastStatement":1,"seen":{"f:5:2:5:13":0,"s:6:4:34:Infinity":0}}}
,"D:\\documents\\mfm-corporation\\src\\agents\\coo\\quality-ops-reviewer.js": {"path":"D:\\documents\\mfm-corporation\\src\\agents\\coo\\quality-ops-reviewer.js","statementMap":{"0":{"start":{"line":6,"column":4},"end":{"line":21,"column":null}}},"fnMap":{"0":{"name":"(anonymous_0)","decl":{"start":{"line":5,"column":2},"end":{"line":5,"column":13}},"loc":{"start":{"line":5,"column":16},"end":{"line":22,"column":null}},"line":5}},"branchMap":{},"s":{"0":0},"f":{"0":0},"b":{},"meta":{"lastBranch":0,"lastFunction":1,"lastStatement":1,"seen":{"f:5:2:5:13":0,"s:6:4:21:Infinity":0}}}
[...]
:null}},"12":{"start":{"line":12,"column":46},"end":{"line":12,"column":null}},"13":{"start":{"line":14,"column":4},"end":{"line":14,"column":null}},"14":{"start":{"line":15,"column":12},"end":{"line":15,"column":25}},"15":{"start":{"line":19,"column":2},"end":{"line":19,"column":null}},"16":{"start":{"line":19,"column":36},"end":{"line":19,"column":null}},"17":{"start":{"line":20,"column":16},"end":{"line":20,"column":56}},"18":{"start":{"line":21,"column":2},"end":{"line":50,"column":null}},"19":{"start":{"line":22,"column":21},"end":{"line":28,"column":6}},"20":{"start":{"line":30,"column":4},"end":{"line":30,"column":null}},"21":{"start":{"line":30,"column":22},"end":{"line":30,"column":null}},"22":{"start":{"line":32,"column":24},"end":{"line":32,"column":66}},"23":{"start":{"line":33,"column":16},"end":{"line":33,"column":37}},"24":{"start":{"line":36,"column":4},"end":{"line":45,"column":null}},"25":{"start":{"line":37,"column":6},"end":{"line":38,"column":null}},"26":{"start":{"line":37,"column":12},"end":{"line":37,"column":60}},"27":{"start":{"line":38,"column":14},"end":{"line":38,"column":25}},"28":{"start":{"line":40,"column":6},"end":{"line":40,"column":null}},"29":{"start":{"line":41,"column":6},"end":{"line":44,"column":null}},"30":{"start":{"line":42,"column":21},"end":{"line":42,"column":54}},"31":{"start":{"line":43,"column":8},"end":{"line":43,"column":null}},"32":{"start":{"line":43,"column":18},"end":{"line":43,"column":null}},"33":{"start":{"line":47,"column":4},"end":{"line":47,"column":null}},"34":{"start":{"line":49,"column":4},"end":{"line":49,"column":null}},"35":{"start":{"line":54,"column":2},"end":{"line":58,"column":null}},"36":{"start":{"line":57,"column":60},"end":{"line":57,"column":82}},"37":{"start":{"line":63,"column":18},"end":{"line":71,"column":36}},"38":{"start":{"line":73,"column":16},"end":{"line":73,"column":18}},"39":{"start":{"line":76,"column":21},"end":{"line":76,"column":67}},"40":{"start":{"line":77,"column":2},"end":{"line":77,"column":null}},"41":{"start":{"line":77,"column":18},"end":{"line":77,"column":null}},"42":{"start":{"line":80,"column":20},"end":{"line":81,"column":85}},"43":{"start":{"line":82,"column":2},"end":{"line":82,"column":null}},"44":{"start":{"line":82,"column":17},"end":{"line":82,"column":null}},"45":{"start":{"line":85,"column":19},"end":{"line":85,"column":81}},"46":{"start":{"line":86,"column":16},"end":{"line":86,"column":25}},"47":{"start":{"line":87,"column":2},"end":{"line":93,"column":null}},"48":{"start":{"line":88,"column":17},"end":{"line":88,"column":64}},"49":{"start":{"line":89,"column":4},"end":{"line":92,"column":null}},"50":{"start":{"line":90,"column":6},"end":{"line":90,"column":null}},"51":{"start":{"line":91,"column":6},"end":{"line":91,"column":null}},"52":{"start":{"line":96,"column":16},"end":{"line":96,"column":66}},"53":{"start":{"line":97,"column":2},"end":{"line":100,"column":null}},"54":{"start":{"line":98,"column":17},"end":{"line":98,"column":64}},"55":{"start":{"line":99,"column":4},"end":{"line":99,"column":null}},"56":{"start":{"line":99,"column":27},"end":{"line":99,"column":null}},"57":{"start":{"line":103,"column":16},"end":{"line":103,"column":68}},"58":{"start":{"line":104,"column":2},"end":{"line":107,"column":null}},"59":{"start":{"line":105,"column":17},"end":{"line":105,"column":64}},"60":{"start":{"line":106,"column":4},"end":{"line":106,"column":null}},"61":{"start":{"line":106,"column":48},"end":{"line":106,"column":null}},"62":{"start":{"line":109,"column":2},"end":{"line":111,"column":null}},"63":{"start":{"line":110,"column":4},"end":{"line":110,"column":null}},"64":{"start":{"line":113,"column":2},"end":{"line":113,"column":null}},"65":{"start":{"line":117,"column":2},"end":{"line":117,"column":null}},"66":{"start":{"line":117,"column":36},"end":{"line":117,"column":null}},"67":{"start":{"line":118,"column":2},"end":{"line":128,"column":null}},"68":{"start":{"line":119,"column":21},"end":{"line":122,"column":6}},"69":{"start":{"line":123,"column":4},"end":{"line":123,"column":null}},"70":{"start":{"line":123,"column":22},"end":{"line":123,"column":null}},"71":{"start":{"line":124,"column":17},"end":{"line":124,"column":38}},"72":{"start":{"line":125,"column":4},"end":{"line":125,"column":null}},"73":{"start":{"line":127,"column":4},"end":{"line":127,"column":null}},"74":{"start":{"line":132,"column":2},"end":{"line":132,"column":null}},"75":{"start":{"line":132,"column":36},"end":{"line":132,"column":null}},"76":{"start":{"line":133,"column":2},"end":{"line":148,"column":null}},"77":{"start":{"line":134,"column":21},"end":{"line":137,"column":6}},"78":{"start":{"line":138,"column":4},"end":{"line":138,"column":null}},"79":{"start":{"line":138,"column":22},"end":{"line":138,"column":null}},"80":{"start":{"line":139,"column":17},"end":{"line":139,"column":38}},"81":{"start":{"line":140,"column":17},"end":{"line":140,"column":36}},"82":{"start":{"line":141,"column":20},"end":{"line":141,"column":72}},"83":{"start":{"line":142,"column":18},"end":{"line":146,"column":78}},"84":{"start":{"line":144,"column":8},"end":{"line":144,"column":null}},"85":{"start":{"line":144,"column":14},"end":{"line":144,"column":46}},"86":{"start":{"line":144,"column":57},"end":{"line":144,"column":69}},"87":{"start":{"line":146,"column":19},"end":{"line":146,"column":77}},"88":{"start":{"line":147,"column":4},"end":{"line":147,"column":null}},"89":{"start":{"line":148,"column":12},"end":{"line":148,"column":22}}},"fnMap":{"0":{"name":"isValidHttpUrl","decl":{"start":{"line":3,"column":9},"end":{"line":3,"column":23}},"loc":{"start":{"line":3,"column":29},"end":{"line":16,"column":null}},"line":3},"1":{"name":"fetchWebContent","decl":{"start":{"line":18,"column":22},"end":{"line":18,"column":37}},"loc":{"start":{"line":18,"column":60},"end":{"line":51,"column":null}},"line":18},"2":{"name":"decodeEntities","decl":{"start":{"line":53,"column":9},"end":{"line":53,"column":23}},"loc":{"start":{"line":53,"column":29},"end":{"line":59,"column":null}},"line":53},"3":{"name":"(anonymous_3)","decl":{"start":{"line":57,"column":50},"end":{"line":57,"column":51}},"loc":{"start":{"line":57,"column":60},"end":{"line":57,"column":82}},"line":57},"4":{"name":"extractContent","decl":{"start":{"line":61,"column":9},"end":{"line":61,"column":23}},"loc":{"start":{"line":61,"column":35},"end":{"line":114,"column":null}},"line":61},"5":{"name":"fetchViaJina","decl":{"start":{"line":116,"column":15},"end":{"line":116,"column":27}},"loc":{"start":{"line":116,"column":50},"end":{"line":129,"column":null}},"line":116},"6":{"name":"extractLinks","decl":{"start":{"line":131,"column":22},"end":{"line":131,"column":34}},"loc":{"start":{"line":131,"column":50},"end":{"line":149,"column":null}},"line":131},"7":{"name":"(anonymous_7)","decl":{"start":{"line":143,"column":11},"end":{"line":143,"column":12}},"loc":{"start":{"line":143,"column":16},"end":{"line":145,"column":7}},"line":143},"8":{"name":"(anonymous_8)","decl":{"start":{"line":146,"column":14},"end":{"line":146,"column":15}},"loc":{"start":{"line":146,"column":19},"end":{"line":146,"column":77}},"line":146}},"branchMap":{"0":{"loc":{"start":{"line":6,"column":4},"end":{"line":6,"column":null}},"type":"if","locations":[{"start":{"line":6,"column":4},"end":{"line":6,"column":null}},{"start":{},"end":{}}],"line":6},"1":{"loc":{"start":{"line":6,"column":8},"end":{"line":6,"column":67}},"type":"binary-expr","locations":[{"start":{"line":6,"column":8},"end":{"line":6,"column":35}},{"start":{"line":6,"column":39},"end":{"line":6,"column":67}}],"line":6},"2":{"loc":{"start":{"line":8,"column":4},"end":{"line":8,"column":null}},"type":"if","locations":[{"start":{"line":8,"column":4},"end":{"line":8,"column":null}},{"start":{},"end":{}}],"line":8},"3":{"loc":{"start":{"line":8,"column":8},"end":{"line":8,"column":63}},"type":"binary-expr","locations":[{"start":{"line":8,"column":8},"end":{"line":8,"column":32}},{"start":{"line":8,"column":36},"end":{"line":8,"column":63}}],"line":8},"4":{"loc":{"start":{"line":9,"column":4},"end":{"line":9,"column":null}},"type":"if","locations":[{"start":{"line":9,"column":4},"end":{"line":9,"column":null}},{"start":{},"end":{}}],"line":9},"5":{"loc":{"start":{"line":9,"column":8},"end":{"line":9,"column":97}},"type":"binary-expr","locations":[{"start":{"line":9,"column":8},"end":{"line":9,"column":32}},{"start":{"line":9,"column":36},"end":{"line":9,"column":67}},{"start":{"line":9,"column":71},"end":{"line":9,"column":97}}],"line":9},"6":{"loc":{"start":{"line":10,"column":4},"end":{"line":13,"column":null}},"type":"if","locations":[{"start":{"line":10,"column":4},"end":{"line":13,"column":null}},{"start":{},"end":{}}],"line":10},"7":{"loc":{"start":{"line":12,"column":6},"end":{"line":12,"column":null}},"type":"if","locations":[{"start":{"line":12,"column":6},"end":{"line":12,"column":null}},{"start":{},"end":{}}],"line":12},"8":{"loc":{"start":{"line":12,"column":10},"end":{"line":12,"column":44}},"type":"binary-expr","locations":[{"start":{"line":12,"column":10},"end":{"line":12,"column":25}},{"start":{"line":12,"column":29},"end":{"line":12,"column":44}}],"line":12},"9":{"loc":{"start":{"line":18,"column":43},"end":{"line":18,"column":58}},"type":"default-arg","locations":[{"start":{"line":18,"column":54},"end":{"line":18,"column":58}}],"line":18},"10":{"loc":{"start":{"line":19,"column":2},"end":{"line":19,"column":null}},"type":"if","locations":[{"start":{"line":19,"column":2},"end":{"line":19,"column":null}},{"start":{},"end":{}}],"line":19},"11":{"loc":{"start":{"line":19,"column":6},"end":{"line":19,"column":34}},"type":"binary-expr","locations":[{"start":{"line":19,"column":6},"end":{"line":19,"column":10}},{"start":{"line":19,"column":14},"end":{"line":19,"column":34}}],"line":19},"12":{"loc":{"start":{"line":30,"column":4},"end":{"line":30,"column":null}},"type":"if","locations":[{"start":{"line":30,"column":4},"end":{"line":30,"column":null}},{"start":{},"end":{}}],"line":30},"13":{"loc":{"start":{"line":32,"column":24},"end":{"line":32,"column":66}},"type":"binary-expr","locations":[{"start":{"line":32,"column":24},"end":{"line":32,"column":60}},{"start":{"line":32,"column":64},"end":{"line":32,"column":66}}],"line":32},"14":{"loc":{"start":{"line":36,"column":4},"end":{"line":45,"column":null}},"type":"if","locations":[{"start":{"line":36,"column":4},"end":{"line":45,"column":null}},{"start":{"line":39,"column":11},"end":{"line":45,"column":null}}],"line":36},"15":{"loc":{"start":{"line":41,"column":6},"end":{"line":44,"column":null}},"type":"if","locations":[{"start":{"line":41,"column":6},"end":{"line":44,"column":null}},{"start":{},"end":{}}],"line":41},"16":{"loc":{"start":{"line":43,"column":8},"end":{"line":43,"column":null}},"type":"if","locations":[{"start":{"line":43,"column":8},"end":{"line":43,"column":null}},{"start":{},"end":{}}],"line":43},"17":{"loc":{"start":{"line":77,"column":2},"end":{"line":77,"column":null}},"type":"if","locations":[{"start":{"line":77,"column":2},"end":{"line":77,"column":null}},{"start":{},"end":{}}],"line":77},"18":{"loc":{"start":{"line":80,"column":20},"end":{"line":81,"column":85}},"type":"binary-expr","locations":[{"start":{"line":80,"column":20},"end":{"line":80,"column":null}},{"start":{"line":81,"column":7},"end":{"line":81,"column":85}}],"line":80},"19":{"loc":{"start":{"line":82,"column":2},"end":{"line":82,"column":null}},"type":"if","locations":[{"start":{"line":82,"column":2},"end":{"line":82,"column":null}},{"start":{},"end":{}}],"line":82},"20":{"loc":{"start":{"line":89,"column":4},"end":{"line":92,"column":null}},"type":"if","locations":[{"start":{"line":89,"column":4},"end":{"line":92,"column":null}},{"start":{},"end":{}}],"line":89},"21":{"loc":{"start":{"line":89,"column":8},"end":{"line":89,"column":43}},"type":"binary-expr","locations":[{"start":{"line":89,"column":8},"end":{"line":89,"column":23}},{"start":{"line":89,"column":27},"end":{"line":89,"column":43}}],"line":89},"22":{"loc":{"start":{"line":99,"column":4},"end":{"line":99,"column":null}},"type":"if","locations":[{"start":{"line":99,"column":4},"end":{"line":99,"column":null}},{"start":{},"end":{}}],"line":99},"23":{"loc":{"start":{"line":106,"column":4},"end":{"line":106,"column":null}},"type":"if","locations":[{"start":{"line":106,"column":4},"end":{"line":106,"column":null}},{"start":{},"end":{}}],"line":106},"24":{"loc":{"start":{"line":106,"column":8},"end":{"line":106,"column":46}},"type":"binary-expr","locations":[{"start":{"line":106,"column":8},"end":{"line":106,"column":25}},{"start":{"line":106,"column":29},"end":{"line":106,"column":46}}],"line":106},"25":{"loc":{"start":{"line":109,"column":2},"end":{"line":111,"column":null}},"type":"if","locations":[{"start":{"line":109,"column":2},"end":{"line":111,"column":null}},{"start":{},"end":{}}],"line":109},"26":{"loc":{"start":{"line":116,"column":33},"end":{"line":116,"column":48}},"type":"default-arg","locations":[{"start":{"line":116,"column":44},"end":{"line":116,"column":48}}],"line":116},"27":{"loc":{"start":{"line":117,"column":2},"end":{"line":117,"column":null}},"type":"if","locations":[{"start":{"line":117,"column":2},"end":{"line":117,"column":null}},{"start":{},"end":{}}],"line":117},"28":{"loc":{"start":{"line":117,"column":6},"end":{"line":117,"column":34}},"type":"binary-expr","locations":[{"start":{"line":117,"column":6},"end":{"line":117,"column":10}},{"start":{"line":117,"column":14},"end":{"line":117,"column":34}}],"line":117},"29":{"loc":{"start":{"line":123,"column":4},"end":{"line":123,"column":null}},"type":"if","locations":[{"start":{"line":123,"column":4},"end":{"line":123,"column":null}},{"start":{},"end":{}}],"line":123},"30":{"loc":{"start":{"line":131,"column":40},"end":{"line":131,"column":48}},"type":"default-arg","locations":[{"start":{"line":131,"column":46},"end":{"line":131,"column":48}}],"line":131},"31":{"loc":{"start":{"line":132,"column":2},"end":{"line":132,"column":null}},"type":"if","locations":[{"start":{"line":132,"column":2},"end":{"line":132,"column":null}},{"start":{},"end":{}}],"line":132},"32":{"loc":{"start":{"line":132,"column":6},"end":{"line":132,"column":34}},"type":"binary-expr","locations":[{"start":{"line":132,"column":6},"end":{"line":132,"column":10}},{"start":{"line":132,"column":14},"end":{"line":132,"column":34}}],"line":132},"33":{"loc":{"start":{"line":138,"column":4},"end":{"line":138,"column":null}},"type":"if","locations":[{"start":{"line":138,"column":4},"end":{"line":138,"column":null}},{"start":{},"end":{}}],"line":138},"34":{"loc":{"start":{"line":146,"column":19},"end":{"line":146,"column":77}},"type":"binary-expr","locations":[{"start":{"line":146,"column":19},"end":{"line":146,"column":20}},{"start":{"line":146,"column":25},"end":{"line":146,"column":48}},{"start":{"line":146,"column":52},"end":{"line":146,"column":76}}],"line":146}},"s":{"0":0,"1":0,"2":0,"3":0,"4":0,"5":0,"6":0,"7":0,"8":0,"9":0,"10":0,"11":0,"12":0,"13":0,"14":0,"15":0,"16":0,"17":0,"18":0,"19":0,"20":0,"21":0,"22":0,"23":0,"24":0,"25":0,"26":0,"27":0,"28":0,"29":0,"30":0,"31":0,"32":0,"33":0,"34":0,"35":0,"36":0,"37":0,"38":0,"39":0,"40":0,"41":0,"42":0,"43":0,"44":0,"45":0,"46":0,"47":0,"48":0,"49":0,"50":0,"51":0,"52":0,"53":0,"54":0,"55":0,"56":0,"57":0,"58":0,"59":0,"60":0,"61":0,"62":0,"63":0,"64":0,"65":0,"66":0,"67":0,"68":0,"69":0,"70":0,"71":0,"72":0,"73":0,"74":0,"75":0,"76":0,"77":0,"78":0,"79":0,"80":0,"81":0,"82":0,"83":0,"84":0,"85":0,"86":0,"87":0,"88":0,"89":0},"f":{"0":0,"1":0,"2":0,"3":0,"4":0,"5":0,"6":0,"7":0,"8":0},"b":{"0":[0,0],"1":[0,0],"2":[0,0],"3":[0,0],"4":[0,0],"5":[0,0,0],"6":[0,0],"7":[0,0],"8":[0,0],"9":[0],"10":[0,0],"11":[0,0],"12":[0,0],"13":[0,0],"14":[0,0],"15":[0,0],"16":[0,0],"17":[0,0],"18":[0,0],"19":[0,0],"20":[0,0],"21":[0,0],"22":[0,0],"23":[0,0],"24":[0,0],"25":[0,0],"26":[0],"27":[0,0],"28":[0,0],"29":[0,0],"30":[0],"31":[0,0],"32":[0,0],"33":[0,0],"34":[0,0,0]},"meta":{"lastBranch":35,"lastFunction":9,"lastStatement":90,"seen":{"f:3:9:3:23":0,"s:4:2:15:Infinity":0,"s:5:19:5:31":1,"b:6:4:6:Infinity:undefined:undefined:undefined:undefined":0,"s:6:4:6:Infinity":2,"b:6:8:6:35:6:39:6:67":1,"s:6:69:6:Infinity":3,"s:7:21:7:50":4,"b:8:4:8:Infinity:undefined:undefined:undefined:undefined":2,"s:8:4:8:Infinity":5,"b:8:8:8:32:8:36:8:63":3,"s:8:65:8:Infinity":6,"b:9:4:9:Infinity:undefined:undefined:undefined:undefined":4,"s:9:4:9:Infinity":7,"b:9:8:9:32:9:36:9:67:9:71:9:97":5,"s:9:99:9:Infinity":8,"b:10:4:13:Infinity:undefined:undefined:undefined:undefined":6,"s:10:4:13:Infinity":9,"s:11:21:11:52":10,"b:12:6:12:Infinity:undefined:undefined:undefined:undefined":7,"s:12:6:12:Infinity":11,"b:12:10:12:25:12:29:12:44":8,"s:12:46:12:Infinity":12,"s:14:4:14:Infinity":13,"s:15:12:15:25":14,"f:18:22:18:37":1,"b:18:54:18:58":9,"b:19:2:19:Infinity:undefined:undefined:undefined:undefined":10,"s:19:2:19:Infinity":15,"b:19:6:19:10:19:14:19:34":11,"s:19:36:19:Infinity":16,"s:20:16:20:56":17,"s:21:2:50:Infinity":18,"s:22:21:28:6":19,"b:30:4:30:Infinity:undefined:undefined:undefined:undefined":12,"s:30:4:30:Infinity":20,"s:30:22:30:Infinity":21,"s:32:24:32:66":22,"b:32:24:32:60:32:64:32:66":13,"s:33:16:33:37":23,"b:36:4:45:Infinity:39:11:45:Infinity":14,"s:36:4:45:Infinity":24,"s:37:6:38:Infinity":25,"s:37:12:37:60":26,"s:38:14:38:25":27,"s:40:6:40:Infinity":28,"b:41:6:44:Infinity:undefined:undefined:undefined:undefined":15,"s:41:6:44:Infinity":29,"s:42:21:42:54":30,"b:43:8:43:Infinity:undefined:undefined:undefined:undefined":16,"s:43:8:43:Infinity":31,"s:43:18:43:Infinity":32,"s:47:4:47:Infinity":33,"s:49:4:49:Infinity":34,"f:53:9:53:23":2,"s:54:2:58:Infinity":35,"f:57:50:57:51":3,"s:57:60:57:82":36,"f:61:9:61:23":4,"s:63:18:71:36":37,"s:73:16:73:18":38,"s:76:21:76:67":39,"b:77:2:77:Infinity:undefined:undefined:undefined:undefined":17,"s:77:2:77:Infinity":40,"s:77:18:77:Infinity":41,"s:80:20:81:85":42,"b:80:20:80:Infinity:81:7:81:85":18,"b:82:2:82:Infinity:undefined:undefined:undefined:undefined":19,"s:82:2:82:Infinity":43,"s:82:17:82:Infinity":44,"s:85:19:85:81":45,"s:86:16:86:25":46,"s:87:2:93:Infinity":47,"s:88:17:88:64":48,"b:89:4:92:Infinity:undefined:undefined:undefined:undefined":20,"s:89:4:92:Infinity":49,"b:89:8:89:23:89:27:89:43":21,"s:90:6:90:Infinity":50,"s:91:6:91:Infinity":51,"s:96:16:96:66":52,"s:97:2:100:Infinity":53,"s:98:17:98:64":54,"b:99:4:99:Infinity:undefined:undefined:undefined:undefined":22,"s:99:4:99:Infinity":55,"s:99:27:99:Infinity":56,"s:103:16:103:68":57,"s:104:2:107:Infinity":58,"s:105:17:105:64":59,"b:106:4:106:Infinity:undefined:undefined:undefined:undefined":23,"s:106:4:106:Infinity":60,"b:106:8:106:25:106:29:106:46":24,"s:106:48:106:Infinity":61,"b:109:2:111:Infinity:undefined:undefined:undefined:undefined":25,"s:109:2:111:Infinity":62,"s:110:4:110:Infinity":63,"s:113:2:113:Infinity":64,"f:116:15:116:27":5,"b:116:44:116:48":26,"b:117:2:117:Infinity:undefined:undefined:undefined:undefined":27,"s:117:2:117:Infinity":65,"b:117:6:117:10:117:14:117:34":28,"s:117:36:117:Infinity":66,"s:118:2:128:Infinity":67,"s:119:21:122:6":68,"b:123:4:123:Infinity:undefined:undefined:undefined:undefined":29,"s:123:4:123:Infinity":69,"s:123:22:123:Infinity":70,"s:124:17:124:38":71,"s:125:4:125:Infinity":72,"s:127:4:127:Infinity":73,"f:131:22:131:34":6,"b:131:46:131:48":30,"b:132:2:132:Infinity:undefined:undefined:undefined:undefined":31,"s:132:2:132:Infinity":74,"b:132:6:132:10:132:14:132:34":32,"s:132:36:132:Infinity":75,"s:133:2:148:Infinity":76,"s:134:21:137:6":77,"b:138:4:138:Infinity:undefined:undefined:undefined:undefined":33,"s:138:4:138:Infinity":78,"s:138:22:138:Infinity":79,"s:139:17:139:38":80,"s:140:17:140:36":81,"s:141:20:141:72":82,"s:142:18:146:78":83,"f:143:11:143:12":7,"s:144:8:144:Infinity":84,"s:144:14:144:46":85,"s:144:57:144:69":86,"f:146:14:146:15":8,"s:146:19:146:77":87,"b:146:19:146:20:146:25:146:48:146:52:146:76":34,"s:147:4:147:Infinity":88,"s:148:12:148:22":89}}}
}
